mode: atomic
github.com/bokwoon95/pagemanager/sq/sqlite_insert.go:28.126,30.27 2 11
github.com/bokwoon95/pagemanager/sq/sqlite_insert.go:39.2,39.21 1 10
github.com/bokwoon95/pagemanager/sq/sqlite_insert.go:49.2,51.24 3 10
github.com/bokwoon95/pagemanager/sq/sqlite_insert.go:68.2,68.30 1 10
github.com/bokwoon95/pagemanager/sq/sqlite_insert.go:74.2,74.9 1 10
github.com/bokwoon95/pagemanager/sq/sqlite_insert.go:83.2,83.22 1 10
github.com/bokwoon95/pagemanager/sq/sqlite_insert.go:107.2,107.12 1 10
github.com/bokwoon95/pagemanager/sq/sqlite_insert.go:30.27,33.17 3 4
github.com/bokwoon95/pagemanager/sq/sqlite_insert.go:36.3,36.57 1 3
github.com/bokwoon95/pagemanager/sq/sqlite_insert.go:33.17,35.4 1 1
github.com/bokwoon95/pagemanager/sq/sqlite_insert.go:39.21,42.27 3 2
github.com/bokwoon95/pagemanager/sq/sqlite_insert.go:46.3,46.67 1 2
github.com/bokwoon95/pagemanager/sq/sqlite_insert.go:42.27,45.4 2 2
github.com/bokwoon95/pagemanager/sq/sqlite_insert.go:51.24,53.3 1 1
github.com/bokwoon95/pagemanager/sq/sqlite_insert.go:53.8,55.17 2 9
github.com/bokwoon95/pagemanager/sq/sqlite_insert.go:58.3,60.18 3 9
github.com/bokwoon95/pagemanager/sq/sqlite_insert.go:55.17,57.4 1 0
github.com/bokwoon95/pagemanager/sq/sqlite_insert.go:60.18,64.4 3 7
github.com/bokwoon95/pagemanager/sq/sqlite_insert.go:64.9,66.4 1 2
github.com/bokwoon95/pagemanager/sq/sqlite_insert.go:68.30,72.3 3 8
github.com/bokwoon95/pagemanager/sq/sqlite_insert.go:75.28,77.48 2 4
github.com/bokwoon95/pagemanager/sq/sqlite_insert.go:78.28,80.50 2 3
github.com/bokwoon95/pagemanager/sq/sqlite_insert.go:83.22,85.32 2 2
github.com/bokwoon95/pagemanager/sq/sqlite_insert.go:95.3,95.28 1 2
github.com/bokwoon95/pagemanager/sq/sqlite_insert.go:85.32,89.47 4 1
github.com/bokwoon95/pagemanager/sq/sqlite_insert.go:89.47,93.5 3 1
github.com/bokwoon95/pagemanager/sq/sqlite_insert.go:95.28,98.49 3 1
github.com/bokwoon95/pagemanager/sq/sqlite_insert.go:98.49,102.5 3 1
github.com/bokwoon95/pagemanager/sq/sqlite_insert.go:103.9,105.4 1 1
github.com/bokwoon95/pagemanager/sq/sqlite_insert.go:110.105,112.15 2 10
github.com/bokwoon95/pagemanager/sq/sqlite_insert.go:116.2,118.16 3 10
github.com/bokwoon95/pagemanager/sq/sqlite_insert.go:121.2,122.33 2 9
github.com/bokwoon95/pagemanager/sq/sqlite_insert.go:112.15,115.3 2 10
github.com/bokwoon95/pagemanager/sq/sqlite_insert.go:118.16,120.3 1 1
github.com/bokwoon95/pagemanager/sq/sqlite_insert.go:125.78,127.2 1 1
github.com/bokwoon95/pagemanager/sq/sqlite_insert.go:129.66,131.2 1 1
github.com/bokwoon95/pagemanager/sq/sqlite_insert.go:133.45,133.65 1 10
github.com/bokwoon95/pagemanager/sq/sqlite_insert.go:135.66,137.2 1 1
github.com/bokwoon95/pagemanager/sq/sqlite_insert.go:139.70,141.2 1 10
github.com/bokwoon95/pagemanager/sq/sqlite_insert.go:143.64,146.2 2 1
github.com/bokwoon95/pagemanager/sq/sqlite_insert.go:148.74,151.2 2 1
github.com/bokwoon95/pagemanager/sq/sqlite_insert.go:153.71,156.2 2 5
github.com/bokwoon95/pagemanager/sq/sqlite_insert.go:158.76,161.2 2 3
github.com/bokwoon95/pagemanager/sq/sqlite_insert.go:163.82,166.2 2 4
github.com/bokwoon95/pagemanager/sq/sqlite_insert.go:168.84,171.2 2 3
github.com/bokwoon95/pagemanager/sq/sqlite_insert.go:173.71,177.2 3 2
github.com/bokwoon95/pagemanager/sq/sqlite_insert.go:179.71,182.2 2 1
github.com/bokwoon95/pagemanager/sq/sqlite_insert.go:184.55,185.26 1 1
github.com/bokwoon95/pagemanager/sq/sqlite_insert.go:188.2,188.23 1 1
github.com/bokwoon95/pagemanager/sq/sqlite_insert.go:185.26,187.3 1 0
github.com/bokwoon95/pagemanager/sq/sqlite_insert.go:191.82,192.26 1 1
github.com/bokwoon95/pagemanager/sq/sqlite_insert.go:195.2,196.23 2 1
github.com/bokwoon95/pagemanager/sq/sqlite_insert.go:192.26,194.3 1 0
github.com/bokwoon95/pagemanager/sq/sqlite_insert.go:199.77,202.2 2 1
github.com/bokwoon95/pagemanager/sq/sqlite_select.go:34.126,36.21 1 41
github.com/bokwoon95/pagemanager/sq/sqlite_select.go:40.2,40.24 1 41
github.com/bokwoon95/pagemanager/sq/sqlite_select.go:43.2,44.29 2 41
github.com/bokwoon95/pagemanager/sq/sqlite_select.go:51.2,52.24 2 41
github.com/bokwoon95/pagemanager/sq/sqlite_select.go:75.2,75.27 1 41
github.com/bokwoon95/pagemanager/sq/sqlite_select.go:80.2,80.42 1 41
github.com/bokwoon95/pagemanager/sq/sqlite_select.go:86.2,86.30 1 41
github.com/bokwoon95/pagemanager/sq/sqlite_select.go:91.2,91.43 1 41
github.com/bokwoon95/pagemanager/sq/sqlite_select.go:97.2,97.24 1 41
github.com/bokwoon95/pagemanager/sq/sqlite_select.go:102.2,102.30 1 41
github.com/bokwoon95/pagemanager/sq/sqlite_select.go:107.2,107.18 1 41
github.com/bokwoon95/pagemanager/sq/sqlite_select.go:115.2,115.19 1 41
github.com/bokwoon95/pagemanager/sq/sqlite_select.go:122.2,122.12 1 41
github.com/bokwoon95/pagemanager/sq/sqlite_select.go:36.21,38.3 1 2
github.com/bokwoon95/pagemanager/sq/sqlite_select.go:40.24,42.3 1 39
github.com/bokwoon95/pagemanager/sq/sqlite_select.go:44.29,47.3 2 39
github.com/bokwoon95/pagemanager/sq/sqlite_select.go:47.8,49.3 1 2
github.com/bokwoon95/pagemanager/sq/sqlite_select.go:52.24,54.34 2 40
github.com/bokwoon95/pagemanager/sq/sqlite_select.go:68.3,69.18 2 40
github.com/bokwoon95/pagemanager/sq/sqlite_select.go:55.17,58.18 3 1
github.com/bokwoon95/pagemanager/sq/sqlite_select.go:61.4,61.24 1 1
github.com/bokwoon95/pagemanager/sq/sqlite_select.go:62.11,64.18 2 39
github.com/bokwoon95/pagemanager/sq/sqlite_select.go:58.18,60.5 1 0
github.com/bokwoon95/pagemanager/sq/sqlite_select.go:64.18,66.5 1 0
github.com/bokwoon95/pagemanager/sq/sqlite_select.go:69.18,72.4 2 34
github.com/bokwoon95/pagemanager/sq/sqlite_select.go:75.27,78.3 2 3
github.com/bokwoon95/pagemanager/sq/sqlite_select.go:80.42,84.3 3 28
github.com/bokwoon95/pagemanager/sq/sqlite_select.go:86.30,89.3 2 1
github.com/bokwoon95/pagemanager/sq/sqlite_select.go:91.43,95.3 3 1
github.com/bokwoon95/pagemanager/sq/sqlite_select.go:97.24,100.3 2 1
github.com/bokwoon95/pagemanager/sq/sqlite_select.go:102.30,105.3 2 1
github.com/bokwoon95/pagemanager/sq/sqlite_select.go:107.18,109.23 2 2
github.com/bokwoon95/pagemanager/sq/sqlite_select.go:112.3,112.38 1 2
github.com/bokwoon95/pagemanager/sq/sqlite_select.go:109.23,111.4 1 1
github.com/bokwoon95/pagemanager/sq/sqlite_select.go:115.19,117.24 2 1
github.com/bokwoon95/pagemanager/sq/sqlite_select.go:120.3,120.39 1 1
github.com/bokwoon95/pagemanager/sq/sqlite_select.go:117.24,119.4 1 1
github.com/bokwoon95/pagemanager/sq/sqlite_select.go:125.105,127.15 2 9
github.com/bokwoon95/pagemanager/sq/sqlite_select.go:131.2,133.16 3 9
github.com/bokwoon95/pagemanager/sq/sqlite_select.go:136.2,137.33 2 9
github.com/bokwoon95/pagemanager/sq/sqlite_select.go:127.15,130.3 2 9
github.com/bokwoon95/pagemanager/sq/sqlite_select.go:133.16,135.3 1 0
github.com/bokwoon95/pagemanager/sq/sqlite_select.go:140.78,143.2 2 3
github.com/bokwoon95/pagemanager/sq/sqlite_select.go:145.66,147.2 1 3
github.com/bokwoon95/pagemanager/sq/sqlite_select.go:149.45,149.65 1 10
github.com/bokwoon95/pagemanager/sq/sqlite_select.go:151.60,153.2 1 5
github.com/bokwoon95/pagemanager/sq/sqlite_select.go:155.66,157.2 1 33
github.com/bokwoon95/pagemanager/sq/sqlite_select.go:159.66,161.2 1 1
github.com/bokwoon95/pagemanager/sq/sqlite_select.go:163.54,165.2 1 1
github.com/bokwoon95/pagemanager/sq/sqlite_select.go:167.74,169.2 1 1
github.com/bokwoon95/pagemanager/sq/sqlite_select.go:171.64,174.2 2 1
github.com/bokwoon95/pagemanager/sq/sqlite_select.go:176.70,179.2 2 2
github.com/bokwoon95/pagemanager/sq/sqlite_select.go:181.58,184.2 2 1
github.com/bokwoon95/pagemanager/sq/sqlite_select.go:186.58,189.2 2 3
github.com/bokwoon95/pagemanager/sq/sqlite_select.go:191.60,194.2 2 1
github.com/bokwoon95/pagemanager/sq/sqlite_select.go:196.78,200.2 3 1
github.com/bokwoon95/pagemanager/sq/sqlite_select.go:202.64,205.2 2 36
github.com/bokwoon95/pagemanager/sq/sqlite_select.go:207.110,211.2 3 3
github.com/bokwoon95/pagemanager/sq/sqlite_select.go:213.114,217.2 3 1
github.com/bokwoon95/pagemanager/sq/sqlite_select.go:219.115,223.2 3 1
github.com/bokwoon95/pagemanager/sq/sqlite_select.go:225.114,229.2 3 1
github.com/bokwoon95/pagemanager/sq/sqlite_select.go:231.114,234.2 2 1
github.com/bokwoon95/pagemanager/sq/sqlite_select.go:236.77,239.2 2 28
github.com/bokwoon95/pagemanager/sq/sqlite_select.go:241.71,244.2 2 1
github.com/bokwoon95/pagemanager/sq/sqlite_select.go:246.78,249.2 2 1
github.com/bokwoon95/pagemanager/sq/sqlite_select.go:251.72,254.2 2 1
github.com/bokwoon95/pagemanager/sq/sqlite_select.go:256.71,259.2 2 1
github.com/bokwoon95/pagemanager/sq/sqlite_select.go:261.65,265.2 3 2
github.com/bokwoon95/pagemanager/sq/sqlite_select.go:267.67,271.2 3 1
github.com/bokwoon95/pagemanager/sq/sqlite_select.go:273.68,275.23 2 24
github.com/bokwoon95/pagemanager/sq/sqlite_select.go:281.2,281.12 1 24
github.com/bokwoon95/pagemanager/sq/sqlite_select.go:275.23,276.40 1 24
github.com/bokwoon95/pagemanager/sq/sqlite_select.go:276.40,279.4 2 40
github.com/bokwoon95/pagemanager/sq/sqlite_select.go:284.60,284.92 1 2
github.com/bokwoon95/pagemanager/sq/assignment.go:12.46,14.2 1 33
github.com/bokwoon95/pagemanager/sq/assignment.go:16.160,19.22 3 36
github.com/bokwoon95/pagemanager/sq/assignment.go:27.2,27.12 1 36
github.com/bokwoon95/pagemanager/sq/assignment.go:20.13,23.23 3 1
github.com/bokwoon95/pagemanager/sq/assignment.go:24.10,25.72 1 35
github.com/bokwoon95/pagemanager/sq/assignment.go:32.162,33.23 1 11
github.com/bokwoon95/pagemanager/sq/assignment.go:39.2,39.12 1 11
github.com/bokwoon95/pagemanager/sq/assignment.go:33.23,34.12 1 30
github.com/bokwoon95/pagemanager/sq/assignment.go:37.3,37.78 1 30
github.com/bokwoon95/pagemanager/sq/assignment.go:34.12,36.4 1 19
github.com/bokwoon95/pagemanager/sq/assignment.go:42.42,45.2 2 3
github.com/bokwoon95/pagemanager/sq/boolean_field.go:7.39,10.2 2 1
github.com/bokwoon95/pagemanager/sq/boolean_field.go:17.69,19.27 2 15
github.com/bokwoon95/pagemanager/sq/boolean_field.go:22.2,22.10 1 15
github.com/bokwoon95/pagemanager/sq/boolean_field.go:19.27,21.3 1 14
github.com/bokwoon95/pagemanager/sq/boolean_field.go:25.53,28.2 2 1
github.com/bokwoon95/pagemanager/sq/boolean_field.go:30.49,30.76 2 1
github.com/bokwoon95/pagemanager/sq/boolean_field.go:31.49,31.77 2 1
github.com/bokwoon95/pagemanager/sq/boolean_field.go:32.49,32.83 2 1
github.com/bokwoon95/pagemanager/sq/boolean_field.go:33.49,33.82 2 1
github.com/bokwoon95/pagemanager/sq/boolean_field.go:35.162,36.16 1 20
github.com/bokwoon95/pagemanager/sq/boolean_field.go:39.2,40.12 2 20
github.com/bokwoon95/pagemanager/sq/boolean_field.go:36.16,38.3 1 1
github.com/bokwoon95/pagemanager/sq/boolean_field.go:43.39,45.15 2 2
github.com/bokwoon95/pagemanager/sq/boolean_field.go:49.2,50.21 2 2
github.com/bokwoon95/pagemanager/sq/boolean_field.go:45.15,48.3 2 2
github.com/bokwoon95/pagemanager/sq/boolean_field.go:53.56,53.93 1 1
github.com/bokwoon95/pagemanager/sq/boolean_field.go:54.56,54.97 1 1
github.com/bokwoon95/pagemanager/sq/boolean_field.go:55.56,55.79 1 1
github.com/bokwoon95/pagemanager/sq/boolean_field.go:56.56,56.79 1 1
github.com/bokwoon95/pagemanager/sq/boolean_field.go:58.52,58.77 1 2
github.com/bokwoon95/pagemanager/sq/column.go:27.41,31.2 3 9
github.com/bokwoon95/pagemanager/sq/column.go:32.58,32.101 1 3
github.com/bokwoon95/pagemanager/sq/column.go:33.58,33.84 1 4
github.com/bokwoon95/pagemanager/sq/column.go:35.56,36.18 1 110
github.com/bokwoon95/pagemanager/sq/column.go:41.2,41.34 1 107
github.com/bokwoon95/pagemanager/sq/column.go:46.2,47.19 2 92
github.com/bokwoon95/pagemanager/sq/column.go:54.2,54.14 1 87
github.com/bokwoon95/pagemanager/sq/column.go:36.18,39.3 1 3
github.com/bokwoon95/pagemanager/sq/column.go:41.34,44.3 2 15
github.com/bokwoon95/pagemanager/sq/column.go:47.19,53.3 5 5
github.com/bokwoon95/pagemanager/sq/column.go:55.22,56.18 1 14
github.com/bokwoon95/pagemanager/sq/column.go:59.3,59.57 1 14
github.com/bokwoon95/pagemanager/sq/column.go:60.10,61.18 1 73
github.com/bokwoon95/pagemanager/sq/column.go:64.3,65.59 2 73
github.com/bokwoon95/pagemanager/sq/column.go:56.18,58.4 1 4
github.com/bokwoon95/pagemanager/sq/column.go:61.18,63.4 1 15
github.com/bokwoon95/pagemanager/sq/column.go:69.65,69.90 1 9
github.com/bokwoon95/pagemanager/sq/column.go:70.65,70.90 1 1
github.com/bokwoon95/pagemanager/sq/column.go:71.65,71.90 1 19
github.com/bokwoon95/pagemanager/sq/column.go:72.65,72.90 1 10
github.com/bokwoon95/pagemanager/sq/column.go:73.65,73.90 1 29
github.com/bokwoon95/pagemanager/sq/column.go:74.65,74.90 1 9
github.com/bokwoon95/pagemanager/sq/blob_field.go:7.63,9.27 2 8
github.com/bokwoon95/pagemanager/sq/blob_field.go:12.2,12.10 1 8
github.com/bokwoon95/pagemanager/sq/blob_field.go:9.27,11.3 1 7
github.com/bokwoon95/pagemanager/sq/blob_field.go:15.47,18.2 2 1
github.com/bokwoon95/pagemanager/sq/blob_field.go:20.43,20.70 2 1
github.com/bokwoon95/pagemanager/sq/blob_field.go:21.43,21.71 2 1
github.com/bokwoon95/pagemanager/sq/blob_field.go:22.43,22.77 2 1
github.com/bokwoon95/pagemanager/sq/blob_field.go:23.43,23.76 2 1
github.com/bokwoon95/pagemanager/sq/blob_field.go:25.51,25.76 1 1
github.com/bokwoon95/pagemanager/sq/string_field.go:7.67,9.27 2 117
github.com/bokwoon95/pagemanager/sq/string_field.go:12.2,12.10 1 117
github.com/bokwoon95/pagemanager/sq/string_field.go:9.27,11.3 1 100
github.com/bokwoon95/pagemanager/sq/string_field.go:15.51,18.2 2 0
github.com/bokwoon95/pagemanager/sq/string_field.go:20.47,20.74 2 0
github.com/bokwoon95/pagemanager/sq/string_field.go:21.47,21.75 2 1
github.com/bokwoon95/pagemanager/sq/string_field.go:22.47,22.81 2 0
github.com/bokwoon95/pagemanager/sq/string_field.go:23.47,23.80 2 0
github.com/bokwoon95/pagemanager/sq/string_field.go:25.59,25.82 1 0
github.com/bokwoon95/pagemanager/sq/string_field.go:26.59,26.82 1 0
github.com/bokwoon95/pagemanager/sq/string_field.go:27.59,27.82 1 0
github.com/bokwoon95/pagemanager/sq/string_field.go:28.59,28.82 1 0
github.com/bokwoon95/pagemanager/sq/string_field.go:29.59,29.82 1 0
github.com/bokwoon95/pagemanager/sq/string_field.go:30.59,30.82 1 0
github.com/bokwoon95/pagemanager/sq/string_field.go:31.59,31.80 1 2
github.com/bokwoon95/pagemanager/sq/string_field.go:32.59,32.80 1 1
github.com/bokwoon95/pagemanager/sq/string_field.go:33.59,33.80 1 0
github.com/bokwoon95/pagemanager/sq/string_field.go:34.59,34.80 1 0
github.com/bokwoon95/pagemanager/sq/string_field.go:35.59,35.80 1 0
github.com/bokwoon95/pagemanager/sq/string_field.go:36.59,36.80 1 0
github.com/bokwoon95/pagemanager/sq/string_field.go:37.59,37.100 1 8
github.com/bokwoon95/pagemanager/sq/string_field.go:38.59,38.104 1 0
github.com/bokwoon95/pagemanager/sq/string_field.go:39.59,39.101 1 0
github.com/bokwoon95/pagemanager/sq/string_field.go:40.59,40.105 1 0
github.com/bokwoon95/pagemanager/sq/string_field.go:42.55,42.80 1 1
github.com/bokwoon95/pagemanager/sq/variadic_query.go:24.102,26.15 2 0
github.com/bokwoon95/pagemanager/sq/variadic_query.go:30.2,32.16 3 0
github.com/bokwoon95/pagemanager/sq/variadic_query.go:35.2,35.40 1 0
github.com/bokwoon95/pagemanager/sq/variadic_query.go:26.15,29.3 2 0
github.com/bokwoon95/pagemanager/sq/variadic_query.go:32.16,34.3 1 0
github.com/bokwoon95/pagemanager/sq/variadic_query.go:38.123,40.23 2 2
github.com/bokwoon95/pagemanager/sq/variadic_query.go:43.2,43.26 1 2
github.com/bokwoon95/pagemanager/sq/variadic_query.go:46.2,46.26 1 2
github.com/bokwoon95/pagemanager/sq/variadic_query.go:64.2,64.18 1 2
github.com/bokwoon95/pagemanager/sq/variadic_query.go:67.2,67.31 1 2
github.com/bokwoon95/pagemanager/sq/variadic_query.go:89.2,89.18 1 2
github.com/bokwoon95/pagemanager/sq/variadic_query.go:92.2,92.12 1 2
github.com/bokwoon95/pagemanager/sq/variadic_query.go:40.23,42.3 1 0
github.com/bokwoon95/pagemanager/sq/variadic_query.go:43.26,45.3 1 0
github.com/bokwoon95/pagemanager/sq/variadic_query.go:46.26,47.36 1 0
github.com/bokwoon95/pagemanager/sq/variadic_query.go:62.3,62.13 1 0
github.com/bokwoon95/pagemanager/sq/variadic_query.go:48.12,49.27 1 0
github.com/bokwoon95/pagemanager/sq/variadic_query.go:50.22,53.18 3 0
github.com/bokwoon95/pagemanager/sq/variadic_query.go:56.11,58.18 2 0
github.com/bokwoon95/pagemanager/sq/variadic_query.go:53.18,55.5 1 0
github.com/bokwoon95/pagemanager/sq/variadic_query.go:58.18,60.5 1 0
github.com/bokwoon95/pagemanager/sq/variadic_query.go:64.18,66.3 1 0
github.com/bokwoon95/pagemanager/sq/variadic_query.go:67.31,68.12 1 4
github.com/bokwoon95/pagemanager/sq/variadic_query.go:73.3,73.24 1 4
github.com/bokwoon95/pagemanager/sq/variadic_query.go:68.12,72.4 3 2
github.com/bokwoon95/pagemanager/sq/variadic_query.go:74.12,75.27 1 0
github.com/bokwoon95/pagemanager/sq/variadic_query.go:76.22,79.18 3 0
github.com/bokwoon95/pagemanager/sq/variadic_query.go:82.11,84.18 2 4
github.com/bokwoon95/pagemanager/sq/variadic_query.go:79.18,81.5 1 0
github.com/bokwoon95/pagemanager/sq/variadic_query.go:84.18,86.5 1 0
github.com/bokwoon95/pagemanager/sq/variadic_query.go:89.18,91.3 1 0
github.com/bokwoon95/pagemanager/sq/variadic_query.go:95.75,97.2 1 0
github.com/bokwoon95/pagemanager/sq/variadic_query.go:99.63,100.26 1 0
github.com/bokwoon95/pagemanager/sq/variadic_query.go:103.2,103.43 1 0
github.com/bokwoon95/pagemanager/sq/variadic_query.go:100.26,102.3 1 0
github.com/bokwoon95/pagemanager/sq/variadic_query.go:106.42,107.26 1 0
github.com/bokwoon95/pagemanager/sq/variadic_query.go:110.2,110.32 1 0
github.com/bokwoon95/pagemanager/sq/variadic_query.go:107.26,109.3 1 0
github.com/bokwoon95/pagemanager/sq/variadic_query.go:113.44,115.2 1 0
github.com/bokwoon95/pagemanager/sq/variadic_query.go:117.47,119.2 1 0
github.com/bokwoon95/pagemanager/sq/variadic_query.go:121.48,123.2 1 0
github.com/bokwoon95/pagemanager/sq/variadic_query.go:125.51,127.2 1 0
github.com/bokwoon95/pagemanager/sq/variadic_query.go:129.45,131.2 1 0
github.com/bokwoon95/pagemanager/sq/variadic_query.go:133.48,135.2 1 0
github.com/bokwoon95/pagemanager/sq/variadic_query.go:137.65,139.22 2 0
github.com/bokwoon95/pagemanager/sq/variadic_query.go:145.2,145.49 1 0
github.com/bokwoon95/pagemanager/sq/variadic_query.go:155.2,155.12 1 0
github.com/bokwoon95/pagemanager/sq/variadic_query.go:139.22,140.34 1 0
github.com/bokwoon95/pagemanager/sq/variadic_query.go:143.3,143.13 1 0
github.com/bokwoon95/pagemanager/sq/variadic_query.go:140.34,142.4 1 0
github.com/bokwoon95/pagemanager/sq/variadic_query.go:145.49,147.17 2 0
github.com/bokwoon95/pagemanager/sq/variadic_query.go:150.3,150.32 1 0
github.com/bokwoon95/pagemanager/sq/variadic_query.go:147.17,149.4 1 0
github.com/bokwoon95/pagemanager/sq/variadic_query.go:150.32,153.4 2 0
github.com/bokwoon95/pagemanager/sq/number_field.go:11.67,13.27 2 55
github.com/bokwoon95/pagemanager/sq/number_field.go:16.2,16.10 1 55
github.com/bokwoon95/pagemanager/sq/number_field.go:13.27,15.3 1 44
github.com/bokwoon95/pagemanager/sq/number_field.go:19.69,21.2 1 1
github.com/bokwoon95/pagemanager/sq/number_field.go:23.51,26.2 2 9
github.com/bokwoon95/pagemanager/sq/number_field.go:28.47,28.74 2 0
github.com/bokwoon95/pagemanager/sq/number_field.go:29.47,29.75 2 1
github.com/bokwoon95/pagemanager/sq/number_field.go:30.47,30.81 2 0
github.com/bokwoon95/pagemanager/sq/number_field.go:31.47,31.80 2 0
github.com/bokwoon95/pagemanager/sq/number_field.go:33.161,34.20 1 141
github.com/bokwoon95/pagemanager/sq/number_field.go:37.2,38.12 2 141
github.com/bokwoon95/pagemanager/sq/number_field.go:34.20,36.3 1 1
github.com/bokwoon95/pagemanager/sq/number_field.go:41.38,43.15 2 0
github.com/bokwoon95/pagemanager/sq/number_field.go:47.2,48.21 2 0
github.com/bokwoon95/pagemanager/sq/number_field.go:43.15,46.3 2 0
github.com/bokwoon95/pagemanager/sq/number_field.go:51.44,51.81 1 3
github.com/bokwoon95/pagemanager/sq/number_field.go:52.44,52.85 1 0
github.com/bokwoon95/pagemanager/sq/number_field.go:53.50,54.31 1 0
github.com/bokwoon95/pagemanager/sq/number_field.go:57.2,57.37 1 0
github.com/bokwoon95/pagemanager/sq/number_field.go:54.31,56.3 1 0
github.com/bokwoon95/pagemanager/sq/number_field.go:59.55,59.78 1 8
github.com/bokwoon95/pagemanager/sq/number_field.go:60.55,60.78 1 0
github.com/bokwoon95/pagemanager/sq/number_field.go:61.55,61.78 1 0
github.com/bokwoon95/pagemanager/sq/number_field.go:62.55,62.78 1 0
github.com/bokwoon95/pagemanager/sq/number_field.go:63.55,63.78 1 0
github.com/bokwoon95/pagemanager/sq/number_field.go:64.55,64.78 1 0
github.com/bokwoon95/pagemanager/sq/number_field.go:65.55,65.76 1 23
github.com/bokwoon95/pagemanager/sq/number_field.go:66.55,66.76 1 0
github.com/bokwoon95/pagemanager/sq/number_field.go:67.55,67.76 1 3
github.com/bokwoon95/pagemanager/sq/number_field.go:68.55,68.76 1 0
github.com/bokwoon95/pagemanager/sq/number_field.go:69.55,69.76 1 0
github.com/bokwoon95/pagemanager/sq/number_field.go:70.55,70.76 1 0
github.com/bokwoon95/pagemanager/sq/number_field.go:71.55,71.76 1 4
github.com/bokwoon95/pagemanager/sq/number_field.go:72.55,72.76 1 0
github.com/bokwoon95/pagemanager/sq/number_field.go:73.55,73.76 1 0
github.com/bokwoon95/pagemanager/sq/number_field.go:74.55,74.76 1 0
github.com/bokwoon95/pagemanager/sq/number_field.go:75.55,75.76 1 0
github.com/bokwoon95/pagemanager/sq/number_field.go:76.55,76.76 1 0
github.com/bokwoon95/pagemanager/sq/number_field.go:77.55,77.76 1 0
github.com/bokwoon95/pagemanager/sq/number_field.go:78.55,78.76 1 0
github.com/bokwoon95/pagemanager/sq/number_field.go:79.55,79.76 1 0
github.com/bokwoon95/pagemanager/sq/number_field.go:80.55,80.76 1 0
github.com/bokwoon95/pagemanager/sq/number_field.go:81.55,81.76 1 0
github.com/bokwoon95/pagemanager/sq/number_field.go:82.55,82.76 1 0
github.com/bokwoon95/pagemanager/sq/number_field.go:84.57,84.82 1 4
github.com/bokwoon95/pagemanager/sq/number_field.go:85.57,85.82 1 1
github.com/bokwoon95/pagemanager/sq/number_field.go:86.57,86.82 1 1
github.com/bokwoon95/pagemanager/sq/row.go:23.34,25.2 1 0
github.com/bokwoon95/pagemanager/sq/row.go:37.29,39.2 1 7
github.com/bokwoon95/pagemanager/sq/row.go:44.55,45.19 1 8
github.com/bokwoon95/pagemanager/sq/row.go:65.2,65.28 1 6
github.com/bokwoon95/pagemanager/sq/row.go:121.2,121.11 1 6
github.com/bokwoon95/pagemanager/sq/row.go:45.19,47.22 2 2
github.com/bokwoon95/pagemanager/sq/row.go:63.3,63.9 1 2
github.com/bokwoon95/pagemanager/sq/row.go:48.29,49.44 1 0
github.com/bokwoon95/pagemanager/sq/row.go:50.35,51.47 1 0
github.com/bokwoon95/pagemanager/sq/row.go:52.31,53.45 1 0
github.com/bokwoon95/pagemanager/sq/row.go:54.37,55.45 1 0
github.com/bokwoon95/pagemanager/sq/row.go:56.33,57.46 1 0
github.com/bokwoon95/pagemanager/sq/row.go:58.34,59.44 1 1
github.com/bokwoon95/pagemanager/sq/row.go:60.11,61.33 1 1
github.com/bokwoon95/pagemanager/sq/row.go:66.13,68.23 2 0
github.com/bokwoon95/pagemanager/sq/row.go:69.21,71.19 2 0
github.com/bokwoon95/pagemanager/sq/row.go:72.16,74.29 2 0
github.com/bokwoon95/pagemanager/sq/row.go:75.24,77.22 2 0
github.com/bokwoon95/pagemanager/sq/row.go:78.12,80.30 2 0
github.com/bokwoon95/pagemanager/sq/row.go:81.14,83.25 2 0
github.com/bokwoon95/pagemanager/sq/row.go:84.22,86.20 2 0
github.com/bokwoon95/pagemanager/sq/row.go:87.14,89.25 2 0
github.com/bokwoon95/pagemanager/sq/row.go:90.22,92.20 2 0
github.com/bokwoon95/pagemanager/sq/row.go:93.15,95.27 2 0
github.com/bokwoon95/pagemanager/sq/row.go:96.23,98.21 2 0
github.com/bokwoon95/pagemanager/sq/row.go:99.18,101.23 2 0
github.com/bokwoon95/pagemanager/sq/row.go:102.21,104.19 2 0
github.com/bokwoon95/pagemanager/sq/row.go:105.10,107.36 2 6
github.com/bokwoon95/pagemanager/sq/row.go:113.3,115.17 3 6
github.com/bokwoon95/pagemanager/sq/row.go:119.3,119.32 1 6
github.com/bokwoon95/pagemanager/sq/row.go:107.36,109.29 2 1
github.com/bokwoon95/pagemanager/sq/row.go:109.29,111.5 1 8
github.com/bokwoon95/pagemanager/sq/row.go:115.17,117.83 2 0
github.com/bokwoon95/pagemanager/sq/row.go:126.57,128.19 2 0
github.com/bokwoon95/pagemanager/sq/row.go:133.2,133.35 1 0
github.com/bokwoon95/pagemanager/sq/row.go:139.2,141.16 3 0
github.com/bokwoon95/pagemanager/sq/row.go:145.2,146.11 2 0
github.com/bokwoon95/pagemanager/sq/row.go:128.19,132.3 3 0
github.com/bokwoon95/pagemanager/sq/row.go:133.35,135.28 2 0
github.com/bokwoon95/pagemanager/sq/row.go:135.28,137.4 1 0
github.com/bokwoon95/pagemanager/sq/row.go:141.16,143.83 2 0
github.com/bokwoon95/pagemanager/sq/row.go:149.41,150.19 1 7
github.com/bokwoon95/pagemanager/sq/row.go:156.2,158.14 3 6
github.com/bokwoon95/pagemanager/sq/row.go:150.19,155.3 4 1
github.com/bokwoon95/pagemanager/sq/row.go:165.46,167.2 1 7
github.com/bokwoon95/pagemanager/sq/row.go:171.51,173.2 1 0
github.com/bokwoon95/pagemanager/sq/row.go:176.58,177.19 1 7
github.com/bokwoon95/pagemanager/sq/row.go:185.2,187.18 3 6
github.com/bokwoon95/pagemanager/sq/row.go:177.19,184.3 6 1
github.com/bokwoon95/pagemanager/sq/row.go:193.50,195.2 1 0
github.com/bokwoon95/pagemanager/sq/row.go:199.52,201.2 1 0
github.com/bokwoon95/pagemanager/sq/row.go:204.62,206.2 1 0
github.com/bokwoon95/pagemanager/sq/row.go:209.46,211.2 1 0
github.com/bokwoon95/pagemanager/sq/row.go:214.48,216.2 1 0
github.com/bokwoon95/pagemanager/sq/row.go:219.58,220.19 1 0
github.com/bokwoon95/pagemanager/sq/row.go:225.2,227.21 3 0
github.com/bokwoon95/pagemanager/sq/row.go:220.19,224.3 3 0
github.com/bokwoon95/pagemanager/sq/row.go:233.42,235.2 1 7
github.com/bokwoon95/pagemanager/sq/row.go:238.48,240.2 1 0
github.com/bokwoon95/pagemanager/sq/row.go:243.38,245.2 1 0
github.com/bokwoon95/pagemanager/sq/row.go:248.44,250.2 1 0
github.com/bokwoon95/pagemanager/sq/row.go:255.46,257.2 1 7
github.com/bokwoon95/pagemanager/sq/row.go:260.50,262.2 1 0
github.com/bokwoon95/pagemanager/sq/row.go:265.58,267.2 1 0
github.com/bokwoon95/pagemanager/sq/row.go:270.48,272.2 1 0
github.com/bokwoon95/pagemanager/sq/row.go:275.52,277.2 1 0
github.com/bokwoon95/pagemanager/sq/row.go:280.54,281.19 1 14
github.com/bokwoon95/pagemanager/sq/row.go:286.2,288.19 3 12
github.com/bokwoon95/pagemanager/sq/row.go:281.19,285.3 3 2
github.com/bokwoon95/pagemanager/sq/row.go:294.48,296.2 1 14
github.com/bokwoon95/pagemanager/sq/row.go:300.51,302.2 1 0
github.com/bokwoon95/pagemanager/sq/row.go:305.60,307.2 1 0
github.com/bokwoon95/pagemanager/sq/row.go:310.44,312.2 1 0
github.com/bokwoon95/pagemanager/sq/row.go:315.47,317.2 1 0
github.com/bokwoon95/pagemanager/sq/row.go:320.56,321.19 1 14
github.com/bokwoon95/pagemanager/sq/row.go:326.2,328.20 3 12
github.com/bokwoon95/pagemanager/sq/row.go:321.19,325.3 3 2
github.com/bokwoon95/pagemanager/sq/row.go:334.47,336.2 1 7
github.com/bokwoon95/pagemanager/sq/row.go:339.47,341.2 1 0
github.com/bokwoon95/pagemanager/sq/row.go:344.54,346.2 1 0
github.com/bokwoon95/pagemanager/sq/row.go:349.45,351.2 1 0
github.com/bokwoon95/pagemanager/sq/row.go:354.45,356.2 1 0
github.com/bokwoon95/pagemanager/sq/row.go:359.52,360.19 1 7
github.com/bokwoon95/pagemanager/sq/row.go:365.2,367.18 3 6
github.com/bokwoon95/pagemanager/sq/row.go:360.19,364.3 3 1
github.com/bokwoon95/pagemanager/sq/row_values.go:7.158,9.26 2 21
github.com/bokwoon95/pagemanager/sq/row_values.go:15.2,16.12 2 21
github.com/bokwoon95/pagemanager/sq/row_values.go:9.26,10.12 1 98
github.com/bokwoon95/pagemanager/sq/row_values.go:13.3,13.72 1 98
github.com/bokwoon95/pagemanager/sq/row_values.go:10.12,12.4 1 77
github.com/bokwoon95/pagemanager/sq/row_values.go:19.37,19.50 1 0
github.com/bokwoon95/pagemanager/sq/row_values.go:20.37,20.50 1 0
github.com/bokwoon95/pagemanager/sq/row_values.go:22.117,24.2 1 16
github.com/bokwoon95/pagemanager/sq/row_values.go:26.53,27.31 1 0
github.com/bokwoon95/pagemanager/sq/row_values.go:30.2,30.37 1 0
github.com/bokwoon95/pagemanager/sq/row_values.go:27.31,29.3 1 0
github.com/bokwoon95/pagemanager/sq/row_values.go:35.119,36.30 1 4
github.com/bokwoon95/pagemanager/sq/row_values.go:42.2,42.12 1 4
github.com/bokwoon95/pagemanager/sq/row_values.go:36.30,37.12 1 16
github.com/bokwoon95/pagemanager/sq/row_values.go:40.3,40.53 1 16
github.com/bokwoon95/pagemanager/sq/row_values.go:37.12,39.4 1 12
github.com/bokwoon95/pagemanager/sq/logger.go:50.13,51.31 1 1
github.com/bokwoon95/pagemanager/sq/logger.go:51.31,61.3 9 0
github.com/bokwoon95/pagemanager/sq/logger.go:91.29,91.53 1 1
github.com/bokwoon95/pagemanager/sq/logger.go:93.71,94.9 1 2
github.com/bokwoon95/pagemanager/sq/logger.go:99.2,100.15 2 2
github.com/bokwoon95/pagemanager/sq/logger.go:107.2,107.24 1 2
github.com/bokwoon95/pagemanager/sq/logger.go:112.2,112.35 1 2
github.com/bokwoon95/pagemanager/sq/logger.go:125.2,126.25 2 2
github.com/bokwoon95/pagemanager/sq/logger.go:136.2,136.32 1 2
github.com/bokwoon95/pagemanager/sq/logger.go:139.2,139.35 1 2
github.com/bokwoon95/pagemanager/sq/logger.go:95.20,96.9 1 0
github.com/bokwoon95/pagemanager/sq/logger.go:97.10,97.10 0 2
github.com/bokwoon95/pagemanager/sq/logger.go:100.15,101.20 1 2
github.com/bokwoon95/pagemanager/sq/logger.go:104.3,105.19 2 2
github.com/bokwoon95/pagemanager/sq/logger.go:101.20,103.4 1 2
github.com/bokwoon95/pagemanager/sq/logger.go:107.24,109.3 1 2
github.com/bokwoon95/pagemanager/sq/logger.go:109.8,111.3 1 0
github.com/bokwoon95/pagemanager/sq/logger.go:112.35,114.38 1 0
github.com/bokwoon95/pagemanager/sq/logger.go:123.3,123.24 1 0
github.com/bokwoon95/pagemanager/sq/logger.go:114.38,115.35 1 0
github.com/bokwoon95/pagemanager/sq/logger.go:115.35,117.5 1 0
github.com/bokwoon95/pagemanager/sq/logger.go:117.10,119.5 1 0
github.com/bokwoon95/pagemanager/sq/logger.go:120.9,122.4 1 0
github.com/bokwoon95/pagemanager/sq/logger.go:126.25,128.3 1 1
github.com/bokwoon95/pagemanager/sq/logger.go:128.8,129.40 1 1
github.com/bokwoon95/pagemanager/sq/logger.go:132.3,132.40 1 1
github.com/bokwoon95/pagemanager/sq/logger.go:129.40,131.4 1 1
github.com/bokwoon95/pagemanager/sq/logger.go:132.40,134.4 1 0
github.com/bokwoon95/pagemanager/sq/logger.go:136.32,138.3 1 2
github.com/bokwoon95/pagemanager/sq/logger.go:139.35,144.34 4 2
github.com/bokwoon95/pagemanager/sq/logger.go:149.3,149.64 1 2
github.com/bokwoon95/pagemanager/sq/logger.go:144.34,146.4 1 0
github.com/bokwoon95/pagemanager/sq/logger.go:146.9,148.4 1 2
github.com/bokwoon95/pagemanager/sq/logger.go:149.64,152.4 2 1
github.com/bokwoon95/pagemanager/sq/logger.go:156.64,159.12 3 2
github.com/bokwoon95/pagemanager/sq/logger.go:162.2,163.47 2 2
github.com/bokwoon95/pagemanager/sq/logger.go:159.12,161.3 1 0
github.com/bokwoon95/pagemanager/sq/sq.go:23.11,25.13 2 43
github.com/bokwoon95/pagemanager/sq/sq.go:28.2,28.10 1 43
github.com/bokwoon95/pagemanager/sq/sq.go:25.13,27.3 1 34
github.com/bokwoon95/pagemanager/sq/sq.go:70.50,72.2 1 0
github.com/bokwoon95/pagemanager/sq/sq.go:73.43,73.56 1 0
github.com/bokwoon95/pagemanager/sq/sq.go:74.43,74.56 1 0
github.com/bokwoon95/pagemanager/sq/sq.go:75.164,80.2 4 0
github.com/bokwoon95/pagemanager/sq/sq.go:85.26,85.57 1 24
github.com/bokwoon95/pagemanager/sq/sq.go:89.26,89.59 1 2
github.com/bokwoon95/pagemanager/sq/table_info.go:11.120,12.22 1 66
github.com/bokwoon95/pagemanager/sq/table_info.go:16.2,17.12 2 66
github.com/bokwoon95/pagemanager/sq/table_info.go:12.22,15.3 2 63
github.com/bokwoon95/pagemanager/sq/table_info.go:20.41,20.61 1 66
github.com/bokwoon95/pagemanager/sq/table_info.go:21.41,21.60 1 17
github.com/bokwoon95/pagemanager/sq/table_info.go:22.41,22.62 1 0
github.com/bokwoon95/pagemanager/sq/window.go:13.115,14.18 1 2
github.com/bokwoon95/pagemanager/sq/window.go:18.2,20.34 3 1
github.com/bokwoon95/pagemanager/sq/window.go:25.2,25.30 1 1
github.com/bokwoon95/pagemanager/sq/window.go:33.2,33.29 1 1
github.com/bokwoon95/pagemanager/sq/window.go:39.2,40.12 2 1
github.com/bokwoon95/pagemanager/sq/window.go:14.18,17.3 2 1
github.com/bokwoon95/pagemanager/sq/window.go:20.34,24.3 3 1
github.com/bokwoon95/pagemanager/sq/window.go:25.30,26.14 1 1
github.com/bokwoon95/pagemanager/sq/window.go:29.3,31.17 3 1
github.com/bokwoon95/pagemanager/sq/window.go:26.14,28.4 1 1
github.com/bokwoon95/pagemanager/sq/window.go:33.29,34.14 1 0
github.com/bokwoon95/pagemanager/sq/window.go:37.3,37.37 1 0
github.com/bokwoon95/pagemanager/sq/window.go:34.14,36.4 1 0
github.com/bokwoon95/pagemanager/sq/window.go:43.40,46.2 2 1
github.com/bokwoon95/pagemanager/sq/window.go:48.31,49.24 1 1
github.com/bokwoon95/pagemanager/sq/window.go:52.2,53.10 2 1
github.com/bokwoon95/pagemanager/sq/window.go:49.24,51.3 1 0
github.com/bokwoon95/pagemanager/sq/window.go:56.42,58.2 1 1
github.com/bokwoon95/pagemanager/sq/window.go:60.38,62.2 1 0
github.com/bokwoon95/pagemanager/sq/window.go:64.53,67.2 2 0
github.com/bokwoon95/pagemanager/sq/window.go:69.49,72.2 2 1
github.com/bokwoon95/pagemanager/sq/window.go:74.54,77.2 2 0
github.com/bokwoon95/pagemanager/sq/window.go:81.117,82.28 1 1
github.com/bokwoon95/pagemanager/sq/window.go:94.2,94.12 1 1
github.com/bokwoon95/pagemanager/sq/window.go:82.28,83.12 1 1
github.com/bokwoon95/pagemanager/sq/window.go:86.3,86.30 1 1
github.com/bokwoon95/pagemanager/sq/window.go:91.3,92.44 2 1
github.com/bokwoon95/pagemanager/sq/window.go:83.12,85.4 1 0
github.com/bokwoon95/pagemanager/sq/window.go:86.30,88.4 1 1
github.com/bokwoon95/pagemanager/sq/window.go:88.9,90.4 1 0
github.com/bokwoon95/pagemanager/sq/cte.go:16.64,23.33 2 34
github.com/bokwoon95/pagemanager/sq/cte.go:30.2,30.12 1 34
github.com/bokwoon95/pagemanager/sq/cte.go:23.33,25.18 2 8
github.com/bokwoon95/pagemanager/sq/cte.go:28.3,28.44 1 8
github.com/bokwoon95/pagemanager/sq/cte.go:25.18,27.4 1 5
github.com/bokwoon95/pagemanager/sq/cte.go:33.33,35.27 2 66
github.com/bokwoon95/pagemanager/sq/cte.go:40.2,40.11 1 1
github.com/bokwoon95/pagemanager/sq/cte.go:35.27,36.47 1 65
github.com/bokwoon95/pagemanager/sq/cte.go:36.47,38.4 1 65
github.com/bokwoon95/pagemanager/sq/cte.go:43.34,45.27 2 15
github.com/bokwoon95/pagemanager/sq/cte.go:50.2,50.11 1 1
github.com/bokwoon95/pagemanager/sq/cte.go:45.27,46.48 1 14
github.com/bokwoon95/pagemanager/sq/cte.go:46.48,48.4 1 14
github.com/bokwoon95/pagemanager/sq/cte.go:53.114,56.2 2 14
github.com/bokwoon95/pagemanager/sq/cte.go:60.158,69.33 5 12
github.com/bokwoon95/pagemanager/sq/cte.go:88.2,88.27 1 12
github.com/bokwoon95/pagemanager/sq/cte.go:91.2,92.39 2 12
github.com/bokwoon95/pagemanager/sq/cte.go:95.2,95.23 1 12
github.com/bokwoon95/pagemanager/sq/cte.go:98.2,98.21 1 11
github.com/bokwoon95/pagemanager/sq/cte.go:103.2,103.30 1 11
github.com/bokwoon95/pagemanager/sq/cte.go:125.2,126.12 2 11
github.com/bokwoon95/pagemanager/sq/cte.go:69.33,71.10 2 48
github.com/bokwoon95/pagemanager/sq/cte.go:74.3,75.21 2 42
github.com/bokwoon95/pagemanager/sq/cte.go:78.3,79.44 2 31
github.com/bokwoon95/pagemanager/sq/cte.go:82.3,86.5 1 31
github.com/bokwoon95/pagemanager/sq/cte.go:71.10,73.4 1 6
github.com/bokwoon95/pagemanager/sq/cte.go:75.21,77.4 1 11
github.com/bokwoon95/pagemanager/sq/cte.go:79.44,81.4 1 1
github.com/bokwoon95/pagemanager/sq/cte.go:88.27,90.3 1 31
github.com/bokwoon95/pagemanager/sq/cte.go:92.39,94.3 1 5
github.com/bokwoon95/pagemanager/sq/cte.go:95.23,97.3 1 1
github.com/bokwoon95/pagemanager/sq/cte.go:98.21,100.3 1 1
github.com/bokwoon95/pagemanager/sq/cte.go:100.8,102.3 1 10
github.com/bokwoon95/pagemanager/sq/cte.go:103.30,104.12 1 31
github.com/bokwoon95/pagemanager/sq/cte.go:107.3,108.27 2 31
github.com/bokwoon95/pagemanager/sq/cte.go:113.3,114.32 2 31
github.com/bokwoon95/pagemanager/sq/cte.go:123.3,123.23 1 31
github.com/bokwoon95/pagemanager/sq/cte.go:104.12,106.4 1 20
github.com/bokwoon95/pagemanager/sq/cte.go:108.27,112.4 3 5
github.com/bokwoon95/pagemanager/sq/cte.go:115.12,116.27 1 1
github.com/bokwoon95/pagemanager/sq/cte.go:117.22,119.38 2 2
github.com/bokwoon95/pagemanager/sq/cte.go:120.11,121.38 1 28
github.com/bokwoon95/pagemanager/sq/cte.go:129.35,131.27 2 41
github.com/bokwoon95/pagemanager/sq/cte.go:136.2,136.14 1 36
github.com/bokwoon95/pagemanager/sq/cte.go:131.27,132.50 1 5
github.com/bokwoon95/pagemanager/sq/cte.go:132.50,134.4 1 5
github.com/bokwoon95/pagemanager/sq/cte.go:139.33,141.27 2 41
github.com/bokwoon95/pagemanager/sq/cte.go:146.2,146.12 1 3
github.com/bokwoon95/pagemanager/sq/cte.go:141.27,142.43 1 40
github.com/bokwoon95/pagemanager/sq/cte.go:142.43,144.4 1 38
github.com/bokwoon95/pagemanager/sq/cte.go:149.38,151.27 2 41
github.com/bokwoon95/pagemanager/sq/cte.go:156.2,156.12 1 3
github.com/bokwoon95/pagemanager/sq/cte.go:151.27,152.52 1 38
github.com/bokwoon95/pagemanager/sq/cte.go:152.52,154.4 1 38
github.com/bokwoon95/pagemanager/sq/cte.go:159.37,161.26 2 3
github.com/bokwoon95/pagemanager/sq/cte.go:168.2,168.15 1 3
github.com/bokwoon95/pagemanager/sq/cte.go:161.26,162.17 1 14
github.com/bokwoon95/pagemanager/sq/cte.go:166.3,166.48 1 2
github.com/bokwoon95/pagemanager/sq/cte.go:163.68,164.12 1 12
github.com/bokwoon95/pagemanager/sq/cte.go:171.55,177.22 2 2
github.com/bokwoon95/pagemanager/sq/cte.go:183.2,183.12 1 2
github.com/bokwoon95/pagemanager/sq/cte.go:177.22,179.34 2 1
github.com/bokwoon95/pagemanager/sq/cte.go:179.34,181.4 1 1
github.com/bokwoon95/pagemanager/sq/cte.go:188.54,189.24 1 4
github.com/bokwoon95/pagemanager/sq/cte.go:192.2,195.22 4 2
github.com/bokwoon95/pagemanager/sq/cte.go:198.2,199.16 2 1
github.com/bokwoon95/pagemanager/sq/cte.go:202.2,202.31 1 1
github.com/bokwoon95/pagemanager/sq/cte.go:206.2,206.30 1 1
github.com/bokwoon95/pagemanager/sq/cte.go:189.24,191.3 1 2
github.com/bokwoon95/pagemanager/sq/cte.go:195.22,197.3 1 1
github.com/bokwoon95/pagemanager/sq/cte.go:199.16,201.3 1 0
github.com/bokwoon95/pagemanager/sq/cte.go:202.31,205.3 2 1
github.com/bokwoon95/pagemanager/sq/cte.go:209.56,210.29 1 2
github.com/bokwoon95/pagemanager/sq/cte.go:213.2,213.39 1 1
github.com/bokwoon95/pagemanager/sq/cte.go:210.29,212.3 1 1
github.com/bokwoon95/pagemanager/sq/cte.go:216.59,217.29 1 2
github.com/bokwoon95/pagemanager/sq/cte.go:220.2,220.42 1 1
github.com/bokwoon95/pagemanager/sq/cte.go:217.29,219.3 1 1
github.com/bokwoon95/pagemanager/sq/cte.go:223.88,230.2 3 2
github.com/bokwoon95/pagemanager/sq/db.go:22.59,24.2 1 1
github.com/bokwoon95/pagemanager/sq/db.go:26.40,28.2 1 0
github.com/bokwoon95/pagemanager/sq/db.go:30.66,30.103 1 2
github.com/bokwoon95/pagemanager/sq/db.go:32.39,34.9 2 0
github.com/bokwoon95/pagemanager/sq/db.go:37.2,38.16 2 0
github.com/bokwoon95/pagemanager/sq/db.go:41.2,41.16 1 0
github.com/bokwoon95/pagemanager/sq/db.go:34.9,36.3 1 0
github.com/bokwoon95/pagemanager/sq/db.go:38.16,40.3 1 0
github.com/bokwoon95/pagemanager/sq/db.go:44.81,46.9 2 1
github.com/bokwoon95/pagemanager/sq/db.go:49.2,50.16 2 1
github.com/bokwoon95/pagemanager/sq/db.go:53.2,53.16 1 1
github.com/bokwoon95/pagemanager/sq/db.go:46.9,48.3 1 0
github.com/bokwoon95/pagemanager/sq/db.go:50.16,52.3 1 0
github.com/bokwoon95/pagemanager/sq/db.go:56.109,58.16 2 2
github.com/bokwoon95/pagemanager/sq/db.go:61.2,63.16 3 2
github.com/bokwoon95/pagemanager/sq/db.go:66.2,66.20 1 2
github.com/bokwoon95/pagemanager/sq/db.go:58.16,60.3 1 0
github.com/bokwoon95/pagemanager/sq/db.go:63.16,65.3 1 0
github.com/bokwoon95/pagemanager/sq/db.go:69.60,71.2 1 2
github.com/bokwoon95/pagemanager/sq/db.go:73.89,75.2 1 2
github.com/bokwoon95/pagemanager/sq/db.go:77.117,79.2 1 2
github.com/bokwoon95/pagemanager/sq/db.go:81.127,82.15 1 4
github.com/bokwoon95/pagemanager/sq/db.go:85.2,85.14 1 4
github.com/bokwoon95/pagemanager/sq/db.go:88.2,88.22 1 2
github.com/bokwoon95/pagemanager/sq/db.go:91.2,93.38 3 2
github.com/bokwoon95/pagemanager/sq/db.go:100.2,104.26 2 2
github.com/bokwoon95/pagemanager/sq/db.go:107.2,109.15 3 2
github.com/bokwoon95/pagemanager/sq/db.go:118.2,119.16 2 2
github.com/bokwoon95/pagemanager/sq/db.go:122.2,123.16 2 2
github.com/bokwoon95/pagemanager/sq/db.go:126.2,130.15 5 2
github.com/bokwoon95/pagemanager/sq/db.go:143.2,145.33 3 2
github.com/bokwoon95/pagemanager/sq/db.go:148.2,149.16 2 2
github.com/bokwoon95/pagemanager/sq/db.go:152.2,152.22 1 2
github.com/bokwoon95/pagemanager/sq/db.go:155.2,155.20 1 2
github.com/bokwoon95/pagemanager/sq/db.go:185.2,186.16 2 1
github.com/bokwoon95/pagemanager/sq/db.go:189.2,190.16 2 1
github.com/bokwoon95/pagemanager/sq/db.go:193.2,193.17 1 1
github.com/bokwoon95/pagemanager/sq/db.go:196.2,196.21 1 1
github.com/bokwoon95/pagemanager/sq/db.go:82.15,84.3 1 0
github.com/bokwoon95/pagemanager/sq/db.go:85.14,87.3 1 2
github.com/bokwoon95/pagemanager/sq/db.go:88.22,90.3 1 0
github.com/bokwoon95/pagemanager/sq/db.go:93.38,95.17 2 1
github.com/bokwoon95/pagemanager/sq/db.go:95.17,98.4 2 0
github.com/bokwoon95/pagemanager/sq/db.go:104.26,106.3 1 1
github.com/bokwoon95/pagemanager/sq/db.go:109.15,110.20 1 2
github.com/bokwoon95/pagemanager/sq/db.go:113.3,116.35 4 1
github.com/bokwoon95/pagemanager/sq/db.go:110.20,112.4 1 1
github.com/bokwoon95/pagemanager/sq/db.go:119.16,121.3 1 0
github.com/bokwoon95/pagemanager/sq/db.go:123.16,125.3 1 0
github.com/bokwoon95/pagemanager/sq/db.go:130.15,131.27 1 2
github.com/bokwoon95/pagemanager/sq/db.go:134.3,141.24 8 2
github.com/bokwoon95/pagemanager/sq/db.go:131.27,133.4 1 1
github.com/bokwoon95/pagemanager/sq/db.go:145.33,147.3 1 0
github.com/bokwoon95/pagemanager/sq/db.go:149.16,151.3 1 0
github.com/bokwoon95/pagemanager/sq/db.go:152.22,154.3 1 0
github.com/bokwoon95/pagemanager/sq/db.go:155.20,158.17 3 7
github.com/bokwoon95/pagemanager/sq/db.go:162.3,162.61 1 6
github.com/bokwoon95/pagemanager/sq/db.go:176.3,178.17 3 6
github.com/bokwoon95/pagemanager/sq/db.go:158.17,161.4 2 1
github.com/bokwoon95/pagemanager/sq/db.go:162.61,166.26 4 5
github.com/bokwoon95/pagemanager/sq/db.go:166.26,174.5 7 40
github.com/bokwoon95/pagemanager/sq/db.go:178.17,179.32 1 0
github.com/bokwoon95/pagemanager/sq/db.go:182.4,182.23 1 0
github.com/bokwoon95/pagemanager/sq/db.go:179.32,180.10 1 0
github.com/bokwoon95/pagemanager/sq/db.go:186.16,188.3 1 0
github.com/bokwoon95/pagemanager/sq/db.go:190.16,192.3 1 0
github.com/bokwoon95/pagemanager/sq/db.go:193.17,195.3 1 1
github.com/bokwoon95/pagemanager/sq/db.go:199.47,203.15 4 1
github.com/bokwoon95/pagemanager/sq/db.go:211.2,211.26 1 1
github.com/bokwoon95/pagemanager/sq/db.go:220.2,220.96 1 1
github.com/bokwoon95/pagemanager/sq/db.go:203.15,210.3 6 1
github.com/bokwoon95/pagemanager/sq/db.go:211.26,219.3 7 1
github.com/bokwoon95/pagemanager/sq/db.go:223.97,225.2 1 1
github.com/bokwoon95/pagemanager/sq/db.go:227.125,229.2 1 1
github.com/bokwoon95/pagemanager/sq/db.go:231.135,232.15 1 2
github.com/bokwoon95/pagemanager/sq/db.go:235.2,235.14 1 2
github.com/bokwoon95/pagemanager/sq/db.go:238.2,240.38 3 1
github.com/bokwoon95/pagemanager/sq/db.go:247.2,252.26 2 1
github.com/bokwoon95/pagemanager/sq/db.go:255.2,256.15 2 1
github.com/bokwoon95/pagemanager/sq/db.go:266.2,267.15 2 1
github.com/bokwoon95/pagemanager/sq/db.go:271.2,273.33 3 1
github.com/bokwoon95/pagemanager/sq/db.go:276.2,277.16 2 1
github.com/bokwoon95/pagemanager/sq/db.go:280.2,280.47 1 1
github.com/bokwoon95/pagemanager/sq/db.go:286.2,286.47 1 1
github.com/bokwoon95/pagemanager/sq/db.go:292.2,292.40 1 1
github.com/bokwoon95/pagemanager/sq/db.go:232.15,234.3 1 0
github.com/bokwoon95/pagemanager/sq/db.go:235.14,237.3 1 1
github.com/bokwoon95/pagemanager/sq/db.go:240.38,242.17 2 1
github.com/bokwoon95/pagemanager/sq/db.go:242.17,245.4 2 0
github.com/bokwoon95/pagemanager/sq/db.go:252.26,254.3 1 1
github.com/bokwoon95/pagemanager/sq/db.go:256.15,257.20 1 1
github.com/bokwoon95/pagemanager/sq/db.go:260.3,264.35 5 1
github.com/bokwoon95/pagemanager/sq/db.go:257.20,259.4 1 0
github.com/bokwoon95/pagemanager/sq/db.go:267.15,270.3 2 1
github.com/bokwoon95/pagemanager/sq/db.go:273.33,275.3 1 0
github.com/bokwoon95/pagemanager/sq/db.go:277.16,279.3 1 0
github.com/bokwoon95/pagemanager/sq/db.go:280.47,282.17 2 1
github.com/bokwoon95/pagemanager/sq/db.go:282.17,284.4 1 0
github.com/bokwoon95/pagemanager/sq/db.go:286.47,288.17 2 0
github.com/bokwoon95/pagemanager/sq/db.go:288.17,290.4 1 0
github.com/bokwoon95/pagemanager/sq/db.go:295.54,297.2 1 0
github.com/bokwoon95/pagemanager/sq/db.go:299.87,301.2 1 0
github.com/bokwoon95/pagemanager/sq/db.go:303.97,304.15 1 0
github.com/bokwoon95/pagemanager/sq/db.go:307.2,307.14 1 0
github.com/bokwoon95/pagemanager/sq/db.go:310.2,312.38 3 0
github.com/bokwoon95/pagemanager/sq/db.go:319.2,323.26 2 0
github.com/bokwoon95/pagemanager/sq/db.go:326.2,327.15 2 0
github.com/bokwoon95/pagemanager/sq/db.go:338.2,339.15 2 0
github.com/bokwoon95/pagemanager/sq/db.go:343.2,345.16 3 0
github.com/bokwoon95/pagemanager/sq/db.go:348.2,350.33 3 0
github.com/bokwoon95/pagemanager/sq/db.go:353.2,354.16 2 0
github.com/bokwoon95/pagemanager/sq/db.go:357.2,358.18 2 0
github.com/bokwoon95/pagemanager/sq/db.go:365.2,365.20 1 0
github.com/bokwoon95/pagemanager/sq/db.go:304.15,306.3 1 0
github.com/bokwoon95/pagemanager/sq/db.go:307.14,309.3 1 0
github.com/bokwoon95/pagemanager/sq/db.go:312.38,314.17 2 0
github.com/bokwoon95/pagemanager/sq/db.go:314.17,317.4 2 0
github.com/bokwoon95/pagemanager/sq/db.go:323.26,325.3 1 0
github.com/bokwoon95/pagemanager/sq/db.go:327.15,328.20 1 0
github.com/bokwoon95/pagemanager/sq/db.go:331.3,333.13 3 0
github.com/bokwoon95/pagemanager/sq/db.go:336.3,336.35 1 0
github.com/bokwoon95/pagemanager/sq/db.go:328.20,330.4 1 0
github.com/bokwoon95/pagemanager/sq/db.go:333.13,335.4 1 0
github.com/bokwoon95/pagemanager/sq/db.go:339.15,342.3 2 0
github.com/bokwoon95/pagemanager/sq/db.go:345.16,347.3 1 0
github.com/bokwoon95/pagemanager/sq/db.go:350.33,352.3 1 0
github.com/bokwoon95/pagemanager/sq/db.go:354.16,356.3 1 0
github.com/bokwoon95/pagemanager/sq/db.go:358.18,360.17 2 0
github.com/bokwoon95/pagemanager/sq/db.go:363.3,363.8 1 0
github.com/bokwoon95/pagemanager/sq/db.go:360.17,362.4 1 0
github.com/bokwoon95/pagemanager/sq/json_field.go:7.63,9.27 2 3
github.com/bokwoon95/pagemanager/sq/json_field.go:12.2,12.10 1 3
github.com/bokwoon95/pagemanager/sq/json_field.go:9.27,11.3 1 2
github.com/bokwoon95/pagemanager/sq/json_field.go:15.47,18.2 2 0
github.com/bokwoon95/pagemanager/sq/json_field.go:20.43,20.70 2 0
github.com/bokwoon95/pagemanager/sq/json_field.go:21.43,21.71 2 0
github.com/bokwoon95/pagemanager/sq/json_field.go:22.43,22.77 2 0
github.com/bokwoon95/pagemanager/sq/json_field.go:23.43,23.76 2 0
github.com/bokwoon95/pagemanager/sq/predicate.go:5.41,7.2 1 1
github.com/bokwoon95/pagemanager/sq/predicate.go:16.71,18.2 1 77
github.com/bokwoon95/pagemanager/sq/predicate.go:20.59,23.2 2 0
github.com/bokwoon95/pagemanager/sq/predicate.go:25.44,27.2 1 1
github.com/bokwoon95/pagemanager/sq/predicate.go:29.43,31.2 1 0
github.com/bokwoon95/pagemanager/sq/predicate.go:33.165,34.16 1 82
github.com/bokwoon95/pagemanager/sq/predicate.go:37.2,38.12 2 82
github.com/bokwoon95/pagemanager/sq/predicate.go:34.16,36.3 1 0
github.com/bokwoon95/pagemanager/sq/predicate.go:41.42,43.15 2 0
github.com/bokwoon95/pagemanager/sq/predicate.go:47.2,48.21 2 0
github.com/bokwoon95/pagemanager/sq/predicate.go:43.15,46.3 2 0
github.com/bokwoon95/pagemanager/sq/predicate.go:51.42,54.2 2 0
github.com/bokwoon95/pagemanager/sq/predicate.go:73.167,74.22 1 53
github.com/bokwoon95/pagemanager/sq/predicate.go:77.2,77.27 1 53
github.com/bokwoon95/pagemanager/sq/predicate.go:122.2,122.12 1 53
github.com/bokwoon95/pagemanager/sq/predicate.go:74.22,76.3 1 53
github.com/bokwoon95/pagemanager/sq/predicate.go:78.9,79.13 1 0
github.com/bokwoon95/pagemanager/sq/predicate.go:80.9,81.17 1 53
github.com/bokwoon95/pagemanager/sq/predicate.go:84.3,84.38 1 53
github.com/bokwoon95/pagemanager/sq/predicate.go:99.10,100.17 1 0
github.com/bokwoon95/pagemanager/sq/predicate.go:103.3,103.18 1 0
github.com/bokwoon95/pagemanager/sq/predicate.go:106.3,106.42 1 0
github.com/bokwoon95/pagemanager/sq/predicate.go:118.3,118.18 1 0
github.com/bokwoon95/pagemanager/sq/predicate.go:81.17,83.4 1 0
github.com/bokwoon95/pagemanager/sq/predicate.go:85.12,86.27 1 0
github.com/bokwoon95/pagemanager/sq/predicate.go:87.26,88.19 1 0
github.com/bokwoon95/pagemanager/sq/predicate.go:91.4,93.19 3 0
github.com/bokwoon95/pagemanager/sq/predicate.go:96.11,97.88 1 53
github.com/bokwoon95/pagemanager/sq/predicate.go:88.19,90.5 1 0
github.com/bokwoon95/pagemanager/sq/predicate.go:93.19,95.5 1 0
github.com/bokwoon95/pagemanager/sq/predicate.go:100.17,102.4 1 0
github.com/bokwoon95/pagemanager/sq/predicate.go:103.18,105.4 1 0
github.com/bokwoon95/pagemanager/sq/predicate.go:106.42,107.13 1 0
github.com/bokwoon95/pagemanager/sq/predicate.go:112.4,112.24 1 0
github.com/bokwoon95/pagemanager/sq/predicate.go:107.13,111.5 3 0
github.com/bokwoon95/pagemanager/sq/predicate.go:112.24,114.5 1 0
github.com/bokwoon95/pagemanager/sq/predicate.go:114.10,116.5 1 0
github.com/bokwoon95/pagemanager/sq/predicate.go:118.18,120.4 1 0
github.com/bokwoon95/pagemanager/sq/predicate.go:125.44,128.2 2 0
github.com/bokwoon95/pagemanager/sq/predicate.go:130.46,132.2 1 0
github.com/bokwoon95/pagemanager/sq/predicate.go:134.45,136.2 1 0
github.com/bokwoon95/pagemanager/sq/predicate.go:138.53,140.2 1 0
github.com/bokwoon95/pagemanager/sq/predicate.go:142.52,144.2 1 0
github.com/bokwoon95/pagemanager/sq/predicate.go:146.37,146.74 1 0
github.com/bokwoon95/pagemanager/sq/predicate.go:147.37,147.78 1 0
github.com/bokwoon95/pagemanager/sq/predicate.go:148.37,148.73 1 43
github.com/bokwoon95/pagemanager/sq/predicate.go:149.37,149.74 1 3
github.com/bokwoon95/pagemanager/sq/predicate.go:150.37,150.73 1 4
github.com/bokwoon95/pagemanager/sq/predicate.go:151.37,151.74 1 1
github.com/bokwoon95/pagemanager/sq/predicate.go:152.37,152.73 1 1
github.com/bokwoon95/pagemanager/sq/predicate.go:153.37,153.74 1 1
github.com/bokwoon95/pagemanager/sq/case.go:16.43,16.61 1 4
github.com/bokwoon95/pagemanager/sq/case.go:17.43,17.56 1 4
github.com/bokwoon95/pagemanager/sq/case.go:18.164,20.31 2 4
github.com/bokwoon95/pagemanager/sq/case.go:26.2,26.23 1 4
github.com/bokwoon95/pagemanager/sq/case.go:30.2,31.12 2 4
github.com/bokwoon95/pagemanager/sq/case.go:20.31,25.3 4 5
github.com/bokwoon95/pagemanager/sq/case.go:26.23,29.3 2 1
github.com/bokwoon95/pagemanager/sq/case.go:34.57,37.2 2 1
github.com/bokwoon95/pagemanager/sq/case.go:39.71,46.2 3 3
github.com/bokwoon95/pagemanager/sq/case.go:48.86,54.2 2 2
github.com/bokwoon95/pagemanager/sq/case.go:56.67,59.2 2 1
github.com/bokwoon95/pagemanager/sq/case.go:73.40,73.58 1 5
github.com/bokwoon95/pagemanager/sq/case.go:74.40,74.53 1 5
github.com/bokwoon95/pagemanager/sq/case.go:75.161,78.31 3 5
github.com/bokwoon95/pagemanager/sq/case.go:84.2,84.23 1 5
github.com/bokwoon95/pagemanager/sq/case.go:88.2,89.12 2 5
github.com/bokwoon95/pagemanager/sq/case.go:78.31,83.3 4 5
github.com/bokwoon95/pagemanager/sq/case.go:84.23,87.3 2 1
github.com/bokwoon95/pagemanager/sq/case.go:92.51,95.2 2 1
github.com/bokwoon95/pagemanager/sq/case.go:97.36,97.77 1 4
github.com/bokwoon95/pagemanager/sq/case.go:99.78,105.2 2 5
github.com/bokwoon95/pagemanager/sq/case.go:107.61,110.2 2 1
github.com/bokwoon95/pagemanager/sq/ensure_tables.go:13.70,16.37 3 2
github.com/bokwoon95/pagemanager/sq/ensure_tables.go:23.2,24.31 2 2
github.com/bokwoon95/pagemanager/sq/ensure_tables.go:98.2,99.16 2 2
github.com/bokwoon95/pagemanager/sq/ensure_tables.go:102.2,102.15 1 2
github.com/bokwoon95/pagemanager/sq/ensure_tables.go:105.2,105.12 1 2
github.com/bokwoon95/pagemanager/sq/ensure_tables.go:16.37,18.17 2 0
github.com/bokwoon95/pagemanager/sq/ensure_tables.go:18.17,21.4 2 0
github.com/bokwoon95/pagemanager/sq/ensure_tables.go:24.31,29.32 5 3
github.com/bokwoon95/pagemanager/sq/ensure_tables.go:32.3,34.35 3 3
github.com/bokwoon95/pagemanager/sq/ensure_tables.go:37.3,38.37 2 3
github.com/bokwoon95/pagemanager/sq/ensure_tables.go:59.3,59.37 1 3
github.com/bokwoon95/pagemanager/sq/ensure_tables.go:96.3,96.27 1 3
github.com/bokwoon95/pagemanager/sq/ensure_tables.go:29.32,31.4 1 1
github.com/bokwoon95/pagemanager/sq/ensure_tables.go:34.35,36.4 1 0
github.com/bokwoon95/pagemanager/sq/ensure_tables.go:38.37,41.11 3 3
github.com/bokwoon95/pagemanager/sq/ensure_tables.go:44.4,45.33 2 3
github.com/bokwoon95/pagemanager/sq/ensure_tables.go:48.4,51.27 4 3
github.com/bokwoon95/pagemanager/sq/ensure_tables.go:54.4,54.22 1 3
github.com/bokwoon95/pagemanager/sq/ensure_tables.go:57.4,57.9 1 3
github.com/bokwoon95/pagemanager/sq/ensure_tables.go:41.11,42.13 1 0
github.com/bokwoon95/pagemanager/sq/ensure_tables.go:45.33,46.13 1 0
github.com/bokwoon95/pagemanager/sq/ensure_tables.go:51.27,53.5 1 1
github.com/bokwoon95/pagemanager/sq/ensure_tables.go:54.22,56.5 1 0
github.com/bokwoon95/pagemanager/sq/ensure_tables.go:59.37,64.11 5 30
github.com/bokwoon95/pagemanager/sq/ensure_tables.go:67.4,71.27 5 27
github.com/bokwoon95/pagemanager/sq/ensure_tables.go:74.4,74.29 1 27
github.com/bokwoon95/pagemanager/sq/ensure_tables.go:88.4,88.27 1 27
github.com/bokwoon95/pagemanager/sq/ensure_tables.go:91.4,91.41 1 27
github.com/bokwoon95/pagemanager/sq/ensure_tables.go:94.4,94.42 1 27
github.com/bokwoon95/pagemanager/sq/ensure_tables.go:64.11,65.13 1 3
github.com/bokwoon95/pagemanager/sq/ensure_tables.go:71.27,73.5 1 0
github.com/bokwoon95/pagemanager/sq/ensure_tables.go:75.19,76.21 1 1
github.com/bokwoon95/pagemanager/sq/ensure_tables.go:77.22,78.24 1 2
github.com/bokwoon95/pagemanager/sq/ensure_tables.go:79.19,80.21 1 2
github.com/bokwoon95/pagemanager/sq/ensure_tables.go:81.21,82.24 1 7
github.com/bokwoon95/pagemanager/sq/ensure_tables.go:83.21,84.21 1 11
github.com/bokwoon95/pagemanager/sq/ensure_tables.go:85.19,86.25 1 4
github.com/bokwoon95/pagemanager/sq/ensure_tables.go:88.27,90.5 1 4
github.com/bokwoon95/pagemanager/sq/ensure_tables.go:91.41,93.5 1 2
github.com/bokwoon95/pagemanager/sq/ensure_tables.go:99.16,101.3 1 0
github.com/bokwoon95/pagemanager/sq/ensure_tables.go:102.15,104.3 1 0
github.com/bokwoon95/pagemanager/sq/ensure_tables.go:108.52,111.31 3 2
github.com/bokwoon95/pagemanager/sq/ensure_tables.go:165.2,165.12 1 2
github.com/bokwoon95/pagemanager/sq/ensure_tables.go:111.31,115.17 3 3
github.com/bokwoon95/pagemanager/sq/ensure_tables.go:118.3,119.19 2 3
github.com/bokwoon95/pagemanager/sq/ensure_tables.go:127.3,127.36 1 3
github.com/bokwoon95/pagemanager/sq/ensure_tables.go:135.3,137.17 3 0
github.com/bokwoon95/pagemanager/sq/ensure_tables.go:140.3,142.19 3 0
github.com/bokwoon95/pagemanager/sq/ensure_tables.go:151.3,151.40 1 0
github.com/bokwoon95/pagemanager/sq/ensure_tables.go:115.17,117.4 1 0
github.com/bokwoon95/pagemanager/sq/ensure_tables.go:119.19,121.18 2 3
github.com/bokwoon95/pagemanager/sq/ensure_tables.go:124.4,124.9 1 3
github.com/bokwoon95/pagemanager/sq/ensure_tables.go:121.18,123.5 1 0
github.com/bokwoon95/pagemanager/sq/ensure_tables.go:127.36,129.18 2 3
github.com/bokwoon95/pagemanager/sq/ensure_tables.go:132.4,132.12 1 3
github.com/bokwoon95/pagemanager/sq/ensure_tables.go:129.18,131.5 1 0
github.com/bokwoon95/pagemanager/sq/ensure_tables.go:137.17,139.4 1 0
github.com/bokwoon95/pagemanager/sq/ensure_tables.go:142.19,144.18 2 0
github.com/bokwoon95/pagemanager/sq/ensure_tables.go:147.4,147.18 1 0
github.com/bokwoon95/pagemanager/sq/ensure_tables.go:144.18,146.5 1 0
github.com/bokwoon95/pagemanager/sq/ensure_tables.go:147.18,149.5 1 0
github.com/bokwoon95/pagemanager/sq/ensure_tables.go:151.40,152.43 1 0
github.com/bokwoon95/pagemanager/sq/ensure_tables.go:155.4,156.35 2 0
github.com/bokwoon95/pagemanager/sq/ensure_tables.go:159.4,160.18 2 0
github.com/bokwoon95/pagemanager/sq/ensure_tables.go:152.43,153.13 1 0
github.com/bokwoon95/pagemanager/sq/ensure_tables.go:156.35,158.5 1 0
github.com/bokwoon95/pagemanager/sq/ensure_tables.go:160.18,162.5 1 0
github.com/bokwoon95/pagemanager/sq/ensure_tables.go:168.38,171.31 3 38
github.com/bokwoon95/pagemanager/sq/ensure_tables.go:174.2,176.34 3 38
github.com/bokwoon95/pagemanager/sq/ensure_tables.go:179.2,180.40 2 38
github.com/bokwoon95/pagemanager/sq/ensure_tables.go:207.2,207.40 1 38
github.com/bokwoon95/pagemanager/sq/ensure_tables.go:241.2,241.12 1 38
github.com/bokwoon95/pagemanager/sq/ensure_tables.go:171.31,173.3 1 0
github.com/bokwoon95/pagemanager/sq/ensure_tables.go:176.34,178.3 1 0
github.com/bokwoon95/pagemanager/sq/ensure_tables.go:180.40,182.18 2 38
github.com/bokwoon95/pagemanager/sq/ensure_tables.go:185.3,186.10 2 38
github.com/bokwoon95/pagemanager/sq/ensure_tables.go:189.3,190.23 2 38
github.com/bokwoon95/pagemanager/sq/ensure_tables.go:193.3,198.26 6 38
github.com/bokwoon95/pagemanager/sq/ensure_tables.go:201.3,201.27 1 38
github.com/bokwoon95/pagemanager/sq/ensure_tables.go:204.3,205.8 2 38
github.com/bokwoon95/pagemanager/sq/ensure_tables.go:182.18,183.12 1 0
github.com/bokwoon95/pagemanager/sq/ensure_tables.go:186.10,187.12 1 0
github.com/bokwoon95/pagemanager/sq/ensure_tables.go:190.23,191.12 1 0
github.com/bokwoon95/pagemanager/sq/ensure_tables.go:198.26,200.4 1 29
github.com/bokwoon95/pagemanager/sq/ensure_tables.go:201.27,203.4 1 9
github.com/bokwoon95/pagemanager/sq/ensure_tables.go:207.40,209.18 2 194
github.com/bokwoon95/pagemanager/sq/ensure_tables.go:212.3,214.10 3 194
github.com/bokwoon95/pagemanager/sq/ensure_tables.go:217.3,223.26 5 156
github.com/bokwoon95/pagemanager/sq/ensure_tables.go:226.3,226.28 1 156
github.com/bokwoon95/pagemanager/sq/ensure_tables.go:209.18,210.12 1 0
github.com/bokwoon95/pagemanager/sq/ensure_tables.go:214.10,215.12 1 38
github.com/bokwoon95/pagemanager/sq/ensure_tables.go:223.26,225.4 1 0
github.com/bokwoon95/pagemanager/sq/ensure_tables.go:227.18,228.62 1 1
github.com/bokwoon95/pagemanager/sq/ensure_tables.go:229.21,230.65 1 1
github.com/bokwoon95/pagemanager/sq/ensure_tables.go:231.18,232.62 1 1
github.com/bokwoon95/pagemanager/sq/ensure_tables.go:233.20,234.64 1 47
github.com/bokwoon95/pagemanager/sq/ensure_tables.go:235.20,236.64 1 105
github.com/bokwoon95/pagemanager/sq/ensure_tables.go:237.18,238.62 1 1
github.com/bokwoon95/pagemanager/sq/ensure_tables.go:244.48,247.22 3 224
github.com/bokwoon95/pagemanager/sq/ensure_tables.go:256.2,256.10 1 224
github.com/bokwoon95/pagemanager/sq/ensure_tables.go:247.22,248.18 1 180
github.com/bokwoon95/pagemanager/sq/ensure_tables.go:251.3,251.35 1 180
github.com/bokwoon95/pagemanager/sq/ensure_tables.go:254.3,254.34 1 30
github.com/bokwoon95/pagemanager/sq/ensure_tables.go:248.18,249.12 1 0
github.com/bokwoon95/pagemanager/sq/ensure_tables.go:251.35,252.12 1 150
github.com/bokwoon95/pagemanager/sq/ensure_tables.go:271.30,276.30 5 3
github.com/bokwoon95/pagemanager/sq/ensure_tables.go:289.2,289.28 1 3
github.com/bokwoon95/pagemanager/sq/ensure_tables.go:293.2,294.21 2 3
github.com/bokwoon95/pagemanager/sq/ensure_tables.go:276.30,278.12 2 27
github.com/bokwoon95/pagemanager/sq/ensure_tables.go:281.3,284.29 4 27
github.com/bokwoon95/pagemanager/sq/ensure_tables.go:278.12,280.4 1 24
github.com/bokwoon95/pagemanager/sq/ensure_tables.go:284.29,287.4 2 1
github.com/bokwoon95/pagemanager/sq/ensure_tables.go:289.28,292.3 2 0
github.com/bokwoon95/pagemanager/sq/postgres_select.go:38.128,40.21 1 0
github.com/bokwoon95/pagemanager/sq/postgres_select.go:44.2,44.24 1 0
github.com/bokwoon95/pagemanager/sq/postgres_select.go:47.2,48.42 2 0
github.com/bokwoon95/pagemanager/sq/postgres_select.go:53.2,53.29 1 0
github.com/bokwoon95/pagemanager/sq/postgres_select.go:58.2,58.24 1 0
github.com/bokwoon95/pagemanager/sq/postgres_select.go:75.2,75.27 1 0
github.com/bokwoon95/pagemanager/sq/postgres_select.go:80.2,80.42 1 0
github.com/bokwoon95/pagemanager/sq/postgres_select.go:86.2,86.30 1 0
github.com/bokwoon95/pagemanager/sq/postgres_select.go:91.2,91.43 1 0
github.com/bokwoon95/pagemanager/sq/postgres_select.go:97.2,97.24 1 0
github.com/bokwoon95/pagemanager/sq/postgres_select.go:102.2,102.30 1 0
github.com/bokwoon95/pagemanager/sq/postgres_select.go:107.2,107.18 1 0
github.com/bokwoon95/pagemanager/sq/postgres_select.go:114.2,114.21 1 0
github.com/bokwoon95/pagemanager/sq/postgres_select.go:118.2,118.19 1 0
github.com/bokwoon95/pagemanager/sq/postgres_select.go:125.2,125.12 1 0
github.com/bokwoon95/pagemanager/sq/postgres_select.go:40.21,42.3 1 0
github.com/bokwoon95/pagemanager/sq/postgres_select.go:44.24,46.3 1 0
github.com/bokwoon95/pagemanager/sq/postgres_select.go:48.42,52.3 3 0
github.com/bokwoon95/pagemanager/sq/postgres_select.go:53.29,56.3 2 0
github.com/bokwoon95/pagemanager/sq/postgres_select.go:58.24,60.34 2 0
github.com/bokwoon95/pagemanager/sq/postgres_select.go:68.3,69.18 2 0
github.com/bokwoon95/pagemanager/sq/postgres_select.go:61.14,64.24 3 0
github.com/bokwoon95/pagemanager/sq/postgres_select.go:65.11,66.39 1 0
github.com/bokwoon95/pagemanager/sq/postgres_select.go:69.18,72.4 2 0
github.com/bokwoon95/pagemanager/sq/postgres_select.go:75.27,78.3 2 0
github.com/bokwoon95/pagemanager/sq/postgres_select.go:80.42,84.3 3 0
github.com/bokwoon95/pagemanager/sq/postgres_select.go:86.30,89.3 2 0
github.com/bokwoon95/pagemanager/sq/postgres_select.go:91.43,95.3 3 0
github.com/bokwoon95/pagemanager/sq/postgres_select.go:97.24,100.3 2 0
github.com/bokwoon95/pagemanager/sq/postgres_select.go:102.30,105.3 2 0
github.com/bokwoon95/pagemanager/sq/postgres_select.go:107.18,109.23 2 0
github.com/bokwoon95/pagemanager/sq/postgres_select.go:112.3,112.38 1 0
github.com/bokwoon95/pagemanager/sq/postgres_select.go:109.23,111.4 1 0
github.com/bokwoon95/pagemanager/sq/postgres_select.go:114.21,116.3 1 0
github.com/bokwoon95/pagemanager/sq/postgres_select.go:118.19,120.24 2 0
github.com/bokwoon95/pagemanager/sq/postgres_select.go:123.3,123.39 1 0
github.com/bokwoon95/pagemanager/sq/postgres_select.go:120.24,122.4 1 0
github.com/bokwoon95/pagemanager/sq/postgres_select.go:128.107,130.15 2 0
github.com/bokwoon95/pagemanager/sq/postgres_select.go:134.2,136.16 3 0
github.com/bokwoon95/pagemanager/sq/postgres_select.go:139.2,140.33 2 0
github.com/bokwoon95/pagemanager/sq/postgres_select.go:130.15,133.3 2 0
github.com/bokwoon95/pagemanager/sq/postgres_select.go:136.16,138.3 1 0
github.com/bokwoon95/pagemanager/sq/postgres_select.go:143.80,146.2 2 0
github.com/bokwoon95/pagemanager/sq/postgres_select.go:148.68,150.2 1 0
github.com/bokwoon95/pagemanager/sq/postgres_select.go:152.47,152.68 1 0
github.com/bokwoon95/pagemanager/sq/postgres_select.go:154.64,156.2 1 0
github.com/bokwoon95/pagemanager/sq/postgres_select.go:158.70,160.2 1 0
github.com/bokwoon95/pagemanager/sq/postgres_select.go:162.70,164.2 1 0
github.com/bokwoon95/pagemanager/sq/postgres_select.go:166.58,168.2 1 0
github.com/bokwoon95/pagemanager/sq/postgres_select.go:170.78,172.2 1 0
github.com/bokwoon95/pagemanager/sq/postgres_select.go:174.103,175.51 1 0
github.com/bokwoon95/pagemanager/sq/postgres_select.go:175.51,177.3 1 0
github.com/bokwoon95/pagemanager/sq/postgres_select.go:180.68,183.2 2 0
github.com/bokwoon95/pagemanager/sq/postgres_select.go:185.74,188.2 2 0
github.com/bokwoon95/pagemanager/sq/postgres_select.go:190.62,193.2 2 0
github.com/bokwoon95/pagemanager/sq/postgres_select.go:195.62,198.2 2 0
github.com/bokwoon95/pagemanager/sq/postgres_select.go:200.64,203.2 2 0
github.com/bokwoon95/pagemanager/sq/postgres_select.go:205.82,209.2 3 0
github.com/bokwoon95/pagemanager/sq/postgres_select.go:211.107,212.51 1 0
github.com/bokwoon95/pagemanager/sq/postgres_select.go:212.51,217.3 4 0
github.com/bokwoon95/pagemanager/sq/postgres_select.go:220.68,223.2 2 0
github.com/bokwoon95/pagemanager/sq/postgres_select.go:225.114,229.2 3 0
github.com/bokwoon95/pagemanager/sq/postgres_select.go:231.118,235.2 3 0
github.com/bokwoon95/pagemanager/sq/postgres_select.go:237.119,241.2 3 0
github.com/bokwoon95/pagemanager/sq/postgres_select.go:243.118,247.2 3 0
github.com/bokwoon95/pagemanager/sq/postgres_select.go:249.118,252.2 2 0
github.com/bokwoon95/pagemanager/sq/postgres_select.go:254.81,257.2 2 0
github.com/bokwoon95/pagemanager/sq/postgres_select.go:259.75,262.2 2 0
github.com/bokwoon95/pagemanager/sq/postgres_select.go:264.82,267.2 2 0
github.com/bokwoon95/pagemanager/sq/postgres_select.go:269.76,272.2 2 0
github.com/bokwoon95/pagemanager/sq/postgres_select.go:274.75,277.2 2 0
github.com/bokwoon95/pagemanager/sq/postgres_select.go:279.67,283.2 3 0
github.com/bokwoon95/pagemanager/sq/postgres_select.go:285.61,288.2 2 0
github.com/bokwoon95/pagemanager/sq/postgres_select.go:290.69,294.2 3 0
github.com/bokwoon95/pagemanager/sq/postgres_select.go:296.70,298.23 2 0
github.com/bokwoon95/pagemanager/sq/postgres_select.go:304.2,304.12 1 0
github.com/bokwoon95/pagemanager/sq/postgres_select.go:298.23,299.40 1 0
github.com/bokwoon95/pagemanager/sq/postgres_select.go:299.40,302.4 2 0
github.com/bokwoon95/pagemanager/sq/fmt.go:16.162,18.97 2 124
github.com/bokwoon95/pagemanager/sq/fmt.go:24.2,25.12 2 124
github.com/bokwoon95/pagemanager/sq/fmt.go:18.97,23.3 4 151
github.com/bokwoon95/pagemanager/sq/fmt.go:28.146,29.27 1 348
github.com/bokwoon95/pagemanager/sq/fmt.go:45.2,46.20 2 183
github.com/bokwoon95/pagemanager/sq/fmt.go:63.2,65.12 3 181
github.com/bokwoon95/pagemanager/sq/fmt.go:30.11,32.13 2 1
github.com/bokwoon95/pagemanager/sq/fmt.go:35.4,37.13 2 162
github.com/bokwoon95/pagemanager/sq/fmt.go:40.4,43.13 2 2
github.com/bokwoon95/pagemanager/sq/fmt.go:47.21,48.41 1 19
github.com/bokwoon95/pagemanager/sq/fmt.go:51.3,52.27 2 2
github.com/bokwoon95/pagemanager/sq/fmt.go:61.3,61.13 1 2
github.com/bokwoon95/pagemanager/sq/fmt.go:48.41,49.9 1 17
github.com/bokwoon95/pagemanager/sq/fmt.go:52.27,54.4 1 0
github.com/bokwoon95/pagemanager/sq/fmt.go:54.9,57.27 3 2
github.com/bokwoon95/pagemanager/sq/fmt.go:57.27,59.5 1 6
github.com/bokwoon95/pagemanager/sq/fmt.go:68.33,79.66 6 0
github.com/bokwoon95/pagemanager/sq/fmt.go:90.2,90.20 1 0
github.com/bokwoon95/pagemanager/sq/fmt.go:79.66,80.18 1 0
github.com/bokwoon95/pagemanager/sq/fmt.go:83.3,83.64 1 0
github.com/bokwoon95/pagemanager/sq/fmt.go:87.3,88.11 2 0
github.com/bokwoon95/pagemanager/sq/fmt.go:80.18,82.4 1 0
github.com/bokwoon95/pagemanager/sq/fmt.go:83.64,86.4 2 0
github.com/bokwoon95/pagemanager/sq/fmt.go:93.68,95.15 2 43
github.com/bokwoon95/pagemanager/sq/fmt.go:99.2,99.93 1 43
github.com/bokwoon95/pagemanager/sq/fmt.go:110.2,111.21 2 43
github.com/bokwoon95/pagemanager/sq/fmt.go:95.15,98.3 2 43
github.com/bokwoon95/pagemanager/sq/fmt.go:99.93,101.49 2 57
github.com/bokwoon95/pagemanager/sq/fmt.go:106.3,108.18 3 57
github.com/bokwoon95/pagemanager/sq/fmt.go:101.49,104.12 3 0
github.com/bokwoon95/pagemanager/sq/fmt.go:114.66,116.15 2 0
github.com/bokwoon95/pagemanager/sq/fmt.go:120.2,121.27 2 0
github.com/bokwoon95/pagemanager/sq/fmt.go:126.2,127.44 2 0
github.com/bokwoon95/pagemanager/sq/fmt.go:130.2,130.15 1 0
github.com/bokwoon95/pagemanager/sq/fmt.go:116.15,119.3 2 0
github.com/bokwoon95/pagemanager/sq/fmt.go:121.27,125.3 3 0
github.com/bokwoon95/pagemanager/sq/fmt.go:127.44,129.3 1 0
github.com/bokwoon95/pagemanager/sq/fmt.go:133.67,134.27 1 57
github.com/bokwoon95/pagemanager/sq/fmt.go:135.11,136.26 1 0
github.com/bokwoon95/pagemanager/sq/fmt.go:137.12,138.8 1 8
github.com/bokwoon95/pagemanager/sq/fmt.go:143.14,146.23 3 8
github.com/bokwoon95/pagemanager/sq/fmt.go:147.14,150.23 3 8
github.com/bokwoon95/pagemanager/sq/fmt.go:153.20,154.37 1 17
github.com/bokwoon95/pagemanager/sq/fmt.go:155.17,158.23 3 8
github.com/bokwoon95/pagemanager/sq/fmt.go:159.21,161.17 2 0
github.com/bokwoon95/pagemanager/sq/fmt.go:179.10,181.17 2 8
github.com/bokwoon95/pagemanager/sq/fmt.go:138.8,140.4 1 4
github.com/bokwoon95/pagemanager/sq/fmt.go:140.9,142.4 1 4
github.com/bokwoon95/pagemanager/sq/fmt.go:161.17,165.4 3 0
github.com/bokwoon95/pagemanager/sq/fmt.go:165.9,166.40 1 0
github.com/bokwoon95/pagemanager/sq/fmt.go:167.16,170.25 3 0
github.com/bokwoon95/pagemanager/sq/fmt.go:171.13,172.28 1 0
github.com/bokwoon95/pagemanager/sq/fmt.go:173.12,176.25 3 0
github.com/bokwoon95/pagemanager/sq/fmt.go:181.17,185.4 3 0
github.com/bokwoon95/pagemanager/sq/fmt.go:185.9,189.4 3 8
github.com/bokwoon95/pagemanager/sq/fmt.go:193.64,194.27 1 40
github.com/bokwoon95/pagemanager/sq/fmt.go:195.11,196.38 1 0
github.com/bokwoon95/pagemanager/sq/fmt.go:197.21,198.14 1 5
github.com/bokwoon95/pagemanager/sq/fmt.go:207.24,208.14 1 0
github.com/bokwoon95/pagemanager/sq/fmt.go:213.22,214.14 1 10
github.com/bokwoon95/pagemanager/sq/fmt.go:219.23,220.14 1 10
github.com/bokwoon95/pagemanager/sq/fmt.go:225.21,226.14 1 5
github.com/bokwoon95/pagemanager/sq/fmt.go:231.15,232.30 1 10
github.com/bokwoon95/pagemanager/sq/fmt.go:237.10,238.45 1 0
github.com/bokwoon95/pagemanager/sq/fmt.go:198.14,199.14 1 5
github.com/bokwoon95/pagemanager/sq/fmt.go:199.14,201.5 1 2
github.com/bokwoon95/pagemanager/sq/fmt.go:201.10,203.5 1 3
github.com/bokwoon95/pagemanager/sq/fmt.go:204.9,206.4 1 0
github.com/bokwoon95/pagemanager/sq/fmt.go:208.14,210.4 1 0
github.com/bokwoon95/pagemanager/sq/fmt.go:210.9,212.4 1 0
github.com/bokwoon95/pagemanager/sq/fmt.go:214.14,216.4 1 10
github.com/bokwoon95/pagemanager/sq/fmt.go:216.9,218.4 1 0
github.com/bokwoon95/pagemanager/sq/fmt.go:220.14,222.4 1 5
github.com/bokwoon95/pagemanager/sq/fmt.go:222.9,224.4 1 5
github.com/bokwoon95/pagemanager/sq/fmt.go:226.14,228.4 1 5
github.com/bokwoon95/pagemanager/sq/fmt.go:228.9,230.4 1 0
github.com/bokwoon95/pagemanager/sq/fmt.go:232.30,234.4 1 10
github.com/bokwoon95/pagemanager/sq/fmt.go:234.9,236.4 1 0
github.com/bokwoon95/pagemanager/sq/fmt.go:242.56,244.15 2 0
github.com/bokwoon95/pagemanager/sq/fmt.go:248.2,249.76 2 0
github.com/bokwoon95/pagemanager/sq/fmt.go:260.2,261.21 2 0
github.com/bokwoon95/pagemanager/sq/fmt.go:244.15,247.3 2 0
github.com/bokwoon95/pagemanager/sq/fmt.go:249.76,251.49 2 0
github.com/bokwoon95/pagemanager/sq/fmt.go:251.49,254.4 2 0
github.com/bokwoon95/pagemanager/sq/fmt.go:254.9,258.4 3 0
github.com/bokwoon95/pagemanager/sq/functions.go:5.41,5.76 1 0
github.com/bokwoon95/pagemanager/sq/functions.go:6.41,6.81 1 0
github.com/bokwoon95/pagemanager/sq/functions.go:7.41,7.81 1 0
github.com/bokwoon95/pagemanager/sq/functions.go:8.41,8.81 1 0
github.com/bokwoon95/pagemanager/sq/functions.go:9.41,9.81 1 0
github.com/bokwoon95/pagemanager/sq/functions.go:11.55,11.100 1 0
github.com/bokwoon95/pagemanager/sq/functions.go:12.55,12.105 1 1
github.com/bokwoon95/pagemanager/sq/functions.go:13.55,13.105 1 0
github.com/bokwoon95/pagemanager/sq/functions.go:14.55,14.105 1 0
github.com/bokwoon95/pagemanager/sq/functions.go:15.55,15.105 1 0
github.com/bokwoon95/pagemanager/sq/functions.go:16.55,16.104 1 0
github.com/bokwoon95/pagemanager/sq/functions.go:17.55,17.98 1 0
github.com/bokwoon95/pagemanager/sq/functions.go:18.55,18.104 1 0
github.com/bokwoon95/pagemanager/sq/functions.go:19.55,19.106 1 0
github.com/bokwoon95/pagemanager/sq/functions.go:20.55,20.103 1 0
github.com/bokwoon95/pagemanager/sq/functions.go:21.98,22.19 1 0
github.com/bokwoon95/pagemanager/sq/functions.go:25.2,25.67 1 0
github.com/bokwoon95/pagemanager/sq/functions.go:22.19,24.3 1 0
github.com/bokwoon95/pagemanager/sq/functions.go:27.97,28.19 1 0
github.com/bokwoon95/pagemanager/sq/functions.go:31.2,31.66 1 0
github.com/bokwoon95/pagemanager/sq/functions.go:28.19,30.3 1 0
github.com/bokwoon95/pagemanager/sq/functions.go:33.45,33.93 1 0
github.com/bokwoon95/pagemanager/sq/functions.go:34.62,36.2 1 0
github.com/bokwoon95/pagemanager/sq/functions.go:37.61,39.2 1 0
github.com/bokwoon95/pagemanager/sq/functions.go:40.67,42.2 1 0
github.com/bokwoon95/pagemanager/sq/sqlite_delete.go:24.126,26.21 1 5
github.com/bokwoon95/pagemanager/sq/sqlite_delete.go:30.2,32.24 3 5
github.com/bokwoon95/pagemanager/sq/sqlite_delete.go:46.2,46.42 1 5
github.com/bokwoon95/pagemanager/sq/sqlite_delete.go:52.2,52.30 1 5
github.com/bokwoon95/pagemanager/sq/sqlite_delete.go:57.2,57.18 1 5
github.com/bokwoon95/pagemanager/sq/sqlite_delete.go:65.2,65.19 1 5
github.com/bokwoon95/pagemanager/sq/sqlite_delete.go:72.2,72.12 1 5
github.com/bokwoon95/pagemanager/sq/sqlite_delete.go:26.21,28.3 1 2
github.com/bokwoon95/pagemanager/sq/sqlite_delete.go:32.24,34.3 1 1
github.com/bokwoon95/pagemanager/sq/sqlite_delete.go:34.8,36.17 2 4
github.com/bokwoon95/pagemanager/sq/sqlite_delete.go:39.3,40.18 2 4
github.com/bokwoon95/pagemanager/sq/sqlite_delete.go:36.17,38.4 1 0
github.com/bokwoon95/pagemanager/sq/sqlite_delete.go:40.18,43.4 2 3
github.com/bokwoon95/pagemanager/sq/sqlite_delete.go:46.42,50.3 3 4
github.com/bokwoon95/pagemanager/sq/sqlite_delete.go:52.30,55.3 2 1
github.com/bokwoon95/pagemanager/sq/sqlite_delete.go:57.18,59.23 2 1
github.com/bokwoon95/pagemanager/sq/sqlite_delete.go:62.3,62.38 1 1
github.com/bokwoon95/pagemanager/sq/sqlite_delete.go:59.23,61.4 1 1
github.com/bokwoon95/pagemanager/sq/sqlite_delete.go:65.19,67.24 2 1
github.com/bokwoon95/pagemanager/sq/sqlite_delete.go:70.3,70.39 1 1
github.com/bokwoon95/pagemanager/sq/sqlite_delete.go:67.24,69.4 1 1
github.com/bokwoon95/pagemanager/sq/sqlite_delete.go:75.105,77.15 2 5
github.com/bokwoon95/pagemanager/sq/sqlite_delete.go:81.2,83.16 3 5
github.com/bokwoon95/pagemanager/sq/sqlite_delete.go:86.2,87.33 2 5
github.com/bokwoon95/pagemanager/sq/sqlite_delete.go:77.15,80.3 2 5
github.com/bokwoon95/pagemanager/sq/sqlite_delete.go:83.16,85.3 1 0
github.com/bokwoon95/pagemanager/sq/sqlite_delete.go:90.78,92.2 1 1
github.com/bokwoon95/pagemanager/sq/sqlite_delete.go:94.66,96.2 1 1
github.com/bokwoon95/pagemanager/sq/sqlite_delete.go:98.45,98.65 1 5
github.com/bokwoon95/pagemanager/sq/sqlite_delete.go:100.66,102.2 1 1
github.com/bokwoon95/pagemanager/sq/sqlite_delete.go:104.70,106.2 1 4
github.com/bokwoon95/pagemanager/sq/sqlite_delete.go:108.64,111.2 2 1
github.com/bokwoon95/pagemanager/sq/sqlite_delete.go:113.74,116.2 2 1
github.com/bokwoon95/pagemanager/sq/sqlite_delete.go:118.77,121.2 2 4
github.com/bokwoon95/pagemanager/sq/sqlite_delete.go:123.71,126.2 2 1
github.com/bokwoon95/pagemanager/sq/sqlite_delete.go:128.65,132.2 3 1
github.com/bokwoon95/pagemanager/sq/sqlite_delete.go:134.67,138.2 3 1
github.com/bokwoon95/pagemanager/sq/subquery.go:10.50,16.16 3 2
github.com/bokwoon95/pagemanager/sq/subquery.go:19.2,19.31 1 2
github.com/bokwoon95/pagemanager/sq/subquery.go:23.2,23.13 1 2
github.com/bokwoon95/pagemanager/sq/subquery.go:16.16,18.3 1 0
github.com/bokwoon95/pagemanager/sq/subquery.go:19.31,22.3 2 2
github.com/bokwoon95/pagemanager/sq/subquery.go:26.39,28.2 1 0
github.com/bokwoon95/pagemanager/sq/subquery.go:30.40,32.27 2 2
github.com/bokwoon95/pagemanager/sq/subquery.go:37.2,37.11 1 0
github.com/bokwoon95/pagemanager/sq/subquery.go:32.27,33.48 1 2
github.com/bokwoon95/pagemanager/sq/subquery.go:33.48,35.4 1 2
github.com/bokwoon95/pagemanager/sq/subquery.go:40.120,42.14 2 2
github.com/bokwoon95/pagemanager/sq/subquery.go:45.2,46.16 2 2
github.com/bokwoon95/pagemanager/sq/subquery.go:49.2,49.12 1 2
github.com/bokwoon95/pagemanager/sq/subquery.go:42.14,44.3 1 0
github.com/bokwoon95/pagemanager/sq/subquery.go:46.16,48.3 1 0
github.com/bokwoon95/pagemanager/sq/subquery.go:52.39,54.27 2 2
github.com/bokwoon95/pagemanager/sq/subquery.go:59.2,59.12 1 0
github.com/bokwoon95/pagemanager/sq/subquery.go:54.27,55.43 1 2
github.com/bokwoon95/pagemanager/sq/subquery.go:55.43,57.4 1 2
github.com/bokwoon95/pagemanager/sq/time_field.go:9.63,11.27 2 7
github.com/bokwoon95/pagemanager/sq/time_field.go:14.2,14.10 1 7
github.com/bokwoon95/pagemanager/sq/time_field.go:11.27,13.3 1 6
github.com/bokwoon95/pagemanager/sq/time_field.go:17.47,20.2 2 0
github.com/bokwoon95/pagemanager/sq/time_field.go:22.43,22.70 2 0
github.com/bokwoon95/pagemanager/sq/time_field.go:23.43,23.71 2 0
github.com/bokwoon95/pagemanager/sq/time_field.go:24.43,24.77 2 0
github.com/bokwoon95/pagemanager/sq/time_field.go:25.43,25.76 2 0
github.com/bokwoon95/pagemanager/sq/time_field.go:27.52,27.75 1 0
github.com/bokwoon95/pagemanager/sq/time_field.go:28.52,28.75 1 0
github.com/bokwoon95/pagemanager/sq/time_field.go:29.52,29.75 1 0
github.com/bokwoon95/pagemanager/sq/time_field.go:30.52,30.75 1 0
github.com/bokwoon95/pagemanager/sq/time_field.go:31.52,31.75 1 0
github.com/bokwoon95/pagemanager/sq/time_field.go:32.52,32.75 1 0
github.com/bokwoon95/pagemanager/sq/time_field.go:33.52,33.73 1 0
github.com/bokwoon95/pagemanager/sq/time_field.go:34.52,34.73 1 0
github.com/bokwoon95/pagemanager/sq/time_field.go:35.52,35.73 1 0
github.com/bokwoon95/pagemanager/sq/time_field.go:36.52,36.73 1 0
github.com/bokwoon95/pagemanager/sq/time_field.go:37.52,37.73 1 0
github.com/bokwoon95/pagemanager/sq/time_field.go:38.52,38.73 1 0
github.com/bokwoon95/pagemanager/sq/time_field.go:39.60,41.2 1 0
github.com/bokwoon95/pagemanager/sq/time_field.go:42.63,44.2 1 0
github.com/bokwoon95/pagemanager/sq/time_field.go:45.64,47.2 1 0
github.com/bokwoon95/pagemanager/sq/time_field.go:48.67,50.2 1 0
github.com/bokwoon95/pagemanager/sq/time_field.go:52.54,52.79 1 1
github.com/bokwoon95/pagemanager/sq/field.go:22.34,24.2 1 135
github.com/bokwoon95/pagemanager/sq/field.go:26.33,28.2 1 153
github.com/bokwoon95/pagemanager/sq/field.go:30.23,33.2 2 4
github.com/bokwoon95/pagemanager/sq/field.go:35.24,38.2 2 6
github.com/bokwoon95/pagemanager/sq/field.go:40.30,43.2 2 4
github.com/bokwoon95/pagemanager/sq/field.go:45.29,48.2 2 4
github.com/bokwoon95/pagemanager/sq/field.go:50.155,52.65 2 330
github.com/bokwoon95/pagemanager/sq/field.go:58.2,58.26 1 330
github.com/bokwoon95/pagemanager/sq/field.go:62.2,63.23 2 330
github.com/bokwoon95/pagemanager/sq/field.go:70.2,70.23 1 330
github.com/bokwoon95/pagemanager/sq/field.go:77.2,77.12 1 330
github.com/bokwoon95/pagemanager/sq/field.go:52.65,53.47 1 74
github.com/bokwoon95/pagemanager/sq/field.go:53.47,55.9 2 72
github.com/bokwoon95/pagemanager/sq/field.go:58.26,61.3 2 216
github.com/bokwoon95/pagemanager/sq/field.go:63.23,64.19 1 12
github.com/bokwoon95/pagemanager/sq/field.go:64.19,66.4 1 7
github.com/bokwoon95/pagemanager/sq/field.go:66.9,68.4 1 5
github.com/bokwoon95/pagemanager/sq/field.go:70.23,71.19 1 10
github.com/bokwoon95/pagemanager/sq/field.go:71.19,73.4 1 5
github.com/bokwoon95/pagemanager/sq/field.go:73.9,75.4 1 5
github.com/bokwoon95/pagemanager/sq/field.go:80.32,82.15 2 4
github.com/bokwoon95/pagemanager/sq/field.go:86.2,87.21 2 4
github.com/bokwoon95/pagemanager/sq/field.go:82.15,85.3 2 4
github.com/bokwoon95/pagemanager/sq/field.go:90.38,90.75 1 1
github.com/bokwoon95/pagemanager/sq/field.go:91.38,91.79 1 3
github.com/bokwoon95/pagemanager/sq/field.go:92.44,93.31 1 2
github.com/bokwoon95/pagemanager/sq/field.go:96.2,96.37 1 1
github.com/bokwoon95/pagemanager/sq/field.go:93.31,95.3 1 1
github.com/bokwoon95/pagemanager/sq/field.go:99.48,99.73 1 2
github.com/bokwoon95/pagemanager/sq/field.go:107.63,109.2 1 223
github.com/bokwoon95/pagemanager/sq/field.go:111.48,111.77 1 3
github.com/bokwoon95/pagemanager/sq/field.go:113.51,116.2 2 3
github.com/bokwoon95/pagemanager/sq/field.go:118.47,118.74 2 1
github.com/bokwoon95/pagemanager/sq/field.go:119.47,119.75 2 1
github.com/bokwoon95/pagemanager/sq/field.go:120.47,120.81 2 1
github.com/bokwoon95/pagemanager/sq/field.go:121.47,121.80 2 1
github.com/bokwoon95/pagemanager/sq/field.go:123.161,124.42 1 43
github.com/bokwoon95/pagemanager/sq/field.go:128.2,130.12 3 41
github.com/bokwoon95/pagemanager/sq/field.go:124.42,127.3 2 2
github.com/bokwoon95/pagemanager/sq/field.go:133.38,135.15 2 6
github.com/bokwoon95/pagemanager/sq/field.go:139.2,141.21 3 6
github.com/bokwoon95/pagemanager/sq/field.go:135.15,138.3 2 6
github.com/bokwoon95/pagemanager/sq/field.go:144.44,144.81 1 1
github.com/bokwoon95/pagemanager/sq/field.go:145.44,145.85 1 1
github.com/bokwoon95/pagemanager/sq/field.go:146.50,147.31 1 2
github.com/bokwoon95/pagemanager/sq/field.go:150.2,150.37 1 1
github.com/bokwoon95/pagemanager/sq/field.go:147.31,149.3 1 1
github.com/bokwoon95/pagemanager/sq/field.go:152.50,152.69 1 5
github.com/bokwoon95/pagemanager/sq/field.go:153.50,153.69 1 1
github.com/bokwoon95/pagemanager/sq/field.go:154.50,154.69 1 1
github.com/bokwoon95/pagemanager/sq/field.go:155.50,155.69 1 1
github.com/bokwoon95/pagemanager/sq/field.go:156.50,156.69 1 1
github.com/bokwoon95/pagemanager/sq/field.go:157.50,157.69 1 1
github.com/bokwoon95/pagemanager/sq/field.go:161.162,164.2 2 18
github.com/bokwoon95/pagemanager/sq/field.go:166.41,168.2 1 14
github.com/bokwoon95/pagemanager/sq/field.go:170.40,172.2 1 3
github.com/bokwoon95/pagemanager/sq/field.go:176.157,177.27 1 16
github.com/bokwoon95/pagemanager/sq/field.go:187.2,187.12 1 16
github.com/bokwoon95/pagemanager/sq/field.go:177.27,178.12 1 39
github.com/bokwoon95/pagemanager/sq/field.go:181.3,181.19 1 39
github.com/bokwoon95/pagemanager/sq/field.go:178.12,180.4 1 24
github.com/bokwoon95/pagemanager/sq/field.go:181.19,183.4 1 1
github.com/bokwoon95/pagemanager/sq/field.go:183.9,185.4 1 38
github.com/bokwoon95/pagemanager/sq/field.go:190.166,192.23 2 48
github.com/bokwoon95/pagemanager/sq/field.go:206.2,206.12 1 48
github.com/bokwoon95/pagemanager/sq/field.go:192.23,193.12 1 81
github.com/bokwoon95/pagemanager/sq/field.go:196.3,196.15 1 81
github.com/bokwoon95/pagemanager/sq/field.go:193.12,195.4 1 33
github.com/bokwoon95/pagemanager/sq/field.go:196.15,198.4 1 1
github.com/bokwoon95/pagemanager/sq/field.go:198.9,200.41 2 80
github.com/bokwoon95/pagemanager/sq/field.go:200.41,203.5 2 11
github.com/bokwoon95/pagemanager/sq/join_table.go:20.59,28.2 1 7
github.com/bokwoon95/pagemanager/sq/join_table.go:30.63,38.2 1 2
github.com/bokwoon95/pagemanager/sq/join_table.go:40.64,48.2 1 2
github.com/bokwoon95/pagemanager/sq/join_table.go:50.63,58.2 1 2
github.com/bokwoon95/pagemanager/sq/join_table.go:60.84,68.2 1 2
github.com/bokwoon95/pagemanager/sq/join_table.go:70.121,71.25 1 14
github.com/bokwoon95/pagemanager/sq/join_table.go:74.2,75.32 2 14
github.com/bokwoon95/pagemanager/sq/join_table.go:85.2,85.23 1 14
github.com/bokwoon95/pagemanager/sq/join_table.go:92.2,92.43 1 14
github.com/bokwoon95/pagemanager/sq/join_table.go:97.2,97.12 1 14
github.com/bokwoon95/pagemanager/sq/join_table.go:71.25,73.3 1 0
github.com/bokwoon95/pagemanager/sq/join_table.go:76.11,77.26 1 0
github.com/bokwoon95/pagemanager/sq/join_table.go:78.16,81.23 3 0
github.com/bokwoon95/pagemanager/sq/join_table.go:82.10,83.38 1 14
github.com/bokwoon95/pagemanager/sq/join_table.go:85.23,87.18 2 14
github.com/bokwoon95/pagemanager/sq/join_table.go:87.18,90.4 2 10
github.com/bokwoon95/pagemanager/sq/join_table.go:92.43,96.3 3 12
github.com/bokwoon95/pagemanager/sq/join_table.go:102.123,103.29 1 6
github.com/bokwoon95/pagemanager/sq/join_table.go:109.2,109.12 1 6
github.com/bokwoon95/pagemanager/sq/join_table.go:103.29,104.12 1 14
github.com/bokwoon95/pagemanager/sq/join_table.go:107.3,107.46 1 14
github.com/bokwoon95/pagemanager/sq/join_table.go:104.12,106.4 1 8
github.com/bokwoon95/pagemanager/sq/sqlite_update.go:22.126,24.27 2 10
github.com/bokwoon95/pagemanager/sq/sqlite_update.go:33.2,33.21 1 9
github.com/bokwoon95/pagemanager/sq/sqlite_update.go:37.2,39.26 3 9
github.com/bokwoon95/pagemanager/sq/sqlite_update.go:57.2,57.28 1 9
github.com/bokwoon95/pagemanager/sq/sqlite_update.go:62.2,62.24 1 9
github.com/bokwoon95/pagemanager/sq/sqlite_update.go:85.2,85.27 1 9
github.com/bokwoon95/pagemanager/sq/sqlite_update.go:90.2,90.42 1 9
github.com/bokwoon95/pagemanager/sq/sqlite_update.go:95.2,95.12 1 9
github.com/bokwoon95/pagemanager/sq/sqlite_update.go:24.27,27.17 3 5
github.com/bokwoon95/pagemanager/sq/sqlite_update.go:30.3,30.42 1 4
github.com/bokwoon95/pagemanager/sq/sqlite_update.go:27.17,29.4 1 1
github.com/bokwoon95/pagemanager/sq/sqlite_update.go:33.21,35.3 1 2
github.com/bokwoon95/pagemanager/sq/sqlite_update.go:39.26,41.3 1 1
github.com/bokwoon95/pagemanager/sq/sqlite_update.go:41.8,43.17 2 8
github.com/bokwoon95/pagemanager/sq/sqlite_update.go:46.3,48.18 3 8
github.com/bokwoon95/pagemanager/sq/sqlite_update.go:43.17,45.4 1 0
github.com/bokwoon95/pagemanager/sq/sqlite_update.go:48.18,52.4 3 7
github.com/bokwoon95/pagemanager/sq/sqlite_update.go:52.9,54.4 1 1
github.com/bokwoon95/pagemanager/sq/sqlite_update.go:57.28,60.3 2 7
github.com/bokwoon95/pagemanager/sq/sqlite_update.go:62.24,64.34 2 3
github.com/bokwoon95/pagemanager/sq/sqlite_update.go:78.3,79.18 2 3
github.com/bokwoon95/pagemanager/sq/sqlite_update.go:65.17,68.18 3 1
github.com/bokwoon95/pagemanager/sq/sqlite_update.go:71.4,71.24 1 1
github.com/bokwoon95/pagemanager/sq/sqlite_update.go:72.11,74.18 2 2
github.com/bokwoon95/pagemanager/sq/sqlite_update.go:68.18,70.5 1 0
github.com/bokwoon95/pagemanager/sq/sqlite_update.go:74.18,76.5 1 0
github.com/bokwoon95/pagemanager/sq/sqlite_update.go:79.18,82.4 2 1
github.com/bokwoon95/pagemanager/sq/sqlite_update.go:85.27,88.3 2 3
github.com/bokwoon95/pagemanager/sq/sqlite_update.go:90.42,94.3 3 6
github.com/bokwoon95/pagemanager/sq/sqlite_update.go:98.105,100.15 2 10
github.com/bokwoon95/pagemanager/sq/sqlite_update.go:104.2,106.16 3 10
github.com/bokwoon95/pagemanager/sq/sqlite_update.go:109.2,110.33 2 9
github.com/bokwoon95/pagemanager/sq/sqlite_update.go:100.15,103.3 2 10
github.com/bokwoon95/pagemanager/sq/sqlite_update.go:106.16,108.3 1 1
github.com/bokwoon95/pagemanager/sq/sqlite_update.go:113.78,115.2 1 1
github.com/bokwoon95/pagemanager/sq/sqlite_update.go:117.66,119.2 1 1
github.com/bokwoon95/pagemanager/sq/sqlite_update.go:121.45,121.65 1 9
github.com/bokwoon95/pagemanager/sq/sqlite_update.go:123.66,125.2 1 1
github.com/bokwoon95/pagemanager/sq/sqlite_update.go:127.66,129.2 1 9
github.com/bokwoon95/pagemanager/sq/sqlite_update.go:131.64,134.2 2 1
github.com/bokwoon95/pagemanager/sq/sqlite_update.go:136.70,139.2 2 1
github.com/bokwoon95/pagemanager/sq/sqlite_update.go:141.77,144.2 2 3
github.com/bokwoon95/pagemanager/sq/sqlite_update.go:146.79,149.2 2 5
github.com/bokwoon95/pagemanager/sq/sqlite_update.go:151.64,154.2 2 3
github.com/bokwoon95/pagemanager/sq/sqlite_update.go:156.110,160.2 3 3
github.com/bokwoon95/pagemanager/sq/sqlite_update.go:162.114,166.2 3 1
github.com/bokwoon95/pagemanager/sq/sqlite_update.go:168.115,172.2 3 1
github.com/bokwoon95/pagemanager/sq/sqlite_update.go:174.114,178.2 3 1
github.com/bokwoon95/pagemanager/sq/sqlite_update.go:180.114,183.2 2 1
github.com/bokwoon95/pagemanager/sq/sqlite_update.go:185.77,188.2 2 6
