mode: atomic
github.com/bokwoon95/pagemanager/hyperform/input.go:20.55,22.16 2 0
github.com/bokwoon95/pagemanager/hyperform/input.go:25.2,26.16 2 0
github.com/bokwoon95/pagemanager/hyperform/input.go:29.2,31.26 3 0
github.com/bokwoon95/pagemanager/hyperform/input.go:34.2,34.19 1 0
github.com/bokwoon95/pagemanager/hyperform/input.go:37.2,37.40 1 0
github.com/bokwoon95/pagemanager/hyperform/input.go:47.2,48.12 2 0
github.com/bokwoon95/pagemanager/hyperform/input.go:22.16,24.3 1 0
github.com/bokwoon95/pagemanager/hyperform/input.go:26.16,28.3 1 0
github.com/bokwoon95/pagemanager/hyperform/input.go:31.26,33.3 1 0
github.com/bokwoon95/pagemanager/hyperform/input.go:34.19,36.3 1 0
github.com/bokwoon95/pagemanager/hyperform/input.go:37.40,38.16 1 0
github.com/bokwoon95/pagemanager/hyperform/input.go:39.16,40.31 1 0
github.com/bokwoon95/pagemanager/hyperform/input.go:41.17,42.12 1 0
github.com/bokwoon95/pagemanager/hyperform/input.go:43.11,44.52 1 0
github.com/bokwoon95/pagemanager/hyperform/input.go:51.83,52.26 1 0
github.com/bokwoon95/pagemanager/hyperform/input.go:55.2,56.39 2 0
github.com/bokwoon95/pagemanager/hyperform/input.go:52.26,54.3 1 0
github.com/bokwoon95/pagemanager/hyperform/input.go:56.39,58.17 2 0
github.com/bokwoon95/pagemanager/hyperform/input.go:58.17,60.4 1 0
github.com/bokwoon95/pagemanager/hyperform/input.go:64.31,66.2 1 0
github.com/bokwoon95/pagemanager/hyperform/input.go:68.39,70.2 1 0
github.com/bokwoon95/pagemanager/hyperform/input.go:72.32,73.38 1 0
github.com/bokwoon95/pagemanager/hyperform/input.go:76.2,77.14 2 0
github.com/bokwoon95/pagemanager/hyperform/input.go:73.38,75.3 1 0
github.com/bokwoon95/pagemanager/hyperform/input.go:82.81,83.32 1 0
github.com/bokwoon95/pagemanager/hyperform/input.go:87.2,93.4 2 0
github.com/bokwoon95/pagemanager/hyperform/input.go:83.32,86.3 2 0
github.com/bokwoon95/pagemanager/hyperform/input.go:96.75,100.2 3 0
github.com/bokwoon95/pagemanager/hyperform/input.go:102.34,103.38 1 0
github.com/bokwoon95/pagemanager/hyperform/input.go:106.2,106.42 1 0
github.com/bokwoon95/pagemanager/hyperform/input.go:103.38,105.3 1 0
github.com/bokwoon95/pagemanager/hyperform/input.go:109.72,110.38 1 0
github.com/bokwoon95/pagemanager/hyperform/input.go:113.2,115.10 3 0
github.com/bokwoon95/pagemanager/hyperform/input.go:110.38,112.3 1 0
github.com/bokwoon95/pagemanager/hyperform/input.go:120.68,121.32 1 0
github.com/bokwoon95/pagemanager/hyperform/input.go:125.2,131.4 2 0
github.com/bokwoon95/pagemanager/hyperform/input.go:121.32,124.3 2 0
github.com/bokwoon95/pagemanager/hyperform/input.go:134.87,138.2 3 0
github.com/bokwoon95/pagemanager/hyperform/input.go:140.40,141.38 1 0
github.com/bokwoon95/pagemanager/hyperform/input.go:144.2,144.42 1 0
github.com/bokwoon95/pagemanager/hyperform/input.go:141.38,143.3 1 0
github.com/bokwoon95/pagemanager/hyperform/input.go:147.84,148.38 1 0
github.com/bokwoon95/pagemanager/hyperform/input.go:151.2,153.10 3 0
github.com/bokwoon95/pagemanager/hyperform/input.go:148.38,150.3 1 0
github.com/bokwoon95/pagemanager/hyperform/input.go:158.71,159.32 1 0
github.com/bokwoon95/pagemanager/hyperform/input.go:163.2,169.4 2 0
github.com/bokwoon95/pagemanager/hyperform/input.go:159.32,162.3 2 0
github.com/bokwoon95/pagemanager/hyperform/input.go:172.87,176.2 3 0
github.com/bokwoon95/pagemanager/hyperform/input.go:178.40,179.38 1 0
github.com/bokwoon95/pagemanager/hyperform/input.go:182.2,182.42 1 0
github.com/bokwoon95/pagemanager/hyperform/input.go:179.38,181.3 1 0
github.com/bokwoon95/pagemanager/hyperform/input.go:185.84,186.38 1 0
github.com/bokwoon95/pagemanager/hyperform/input.go:189.2,191.10 3 0
github.com/bokwoon95/pagemanager/hyperform/input.go:186.38,188.3 1 0
github.com/bokwoon95/pagemanager/hyperform/input.go:194.70,195.38 1 0
github.com/bokwoon95/pagemanager/hyperform/input.go:198.2,200.16 3 0
github.com/bokwoon95/pagemanager/hyperform/input.go:205.2,205.12 1 0
github.com/bokwoon95/pagemanager/hyperform/input.go:195.38,197.3 1 0
github.com/bokwoon95/pagemanager/hyperform/input.go:200.16,202.3 1 0
github.com/bokwoon95/pagemanager/hyperform/input.go:202.8,204.3 1 0
github.com/bokwoon95/pagemanager/hyperform/input.go:208.78,209.38 1 0
github.com/bokwoon95/pagemanager/hyperform/input.go:212.2,214.16 3 0
github.com/bokwoon95/pagemanager/hyperform/input.go:219.2,219.12 1 0
github.com/bokwoon95/pagemanager/hyperform/input.go:209.38,211.3 1 0
github.com/bokwoon95/pagemanager/hyperform/input.go:214.16,216.3 1 0
github.com/bokwoon95/pagemanager/hyperform/input.go:216.8,218.3 1 0
github.com/bokwoon95/pagemanager/hyperform/input.go:224.70,225.32 1 0
github.com/bokwoon95/pagemanager/hyperform/input.go:229.2,235.4 2 0
github.com/bokwoon95/pagemanager/hyperform/input.go:225.32,228.3 2 0
github.com/bokwoon95/pagemanager/hyperform/input.go:238.87,242.2 3 0
github.com/bokwoon95/pagemanager/hyperform/input.go:246.74,253.2 1 0
github.com/bokwoon95/pagemanager/hyperform/input.go:255.91,259.2 3 0
github.com/bokwoon95/pagemanager/hyperform/input.go:261.40,262.38 1 0
github.com/bokwoon95/pagemanager/hyperform/input.go:265.2,266.29 2 0
github.com/bokwoon95/pagemanager/hyperform/input.go:269.2,269.31 1 0
github.com/bokwoon95/pagemanager/hyperform/input.go:275.2,275.14 1 0
github.com/bokwoon95/pagemanager/hyperform/input.go:262.38,264.3 1 0
github.com/bokwoon95/pagemanager/hyperform/input.go:266.29,268.3 1 0
github.com/bokwoon95/pagemanager/hyperform/input.go:269.31,270.27 1 0
github.com/bokwoon95/pagemanager/hyperform/input.go:273.3,273.33 1 0
github.com/bokwoon95/pagemanager/hyperform/input.go:270.27,272.4 1 0
github.com/bokwoon95/pagemanager/hyperform/input.go:284.74,285.32 1 0
github.com/bokwoon95/pagemanager/hyperform/input.go:289.2,294.3 2 0
github.com/bokwoon95/pagemanager/hyperform/input.go:285.32,288.3 2 0
github.com/bokwoon95/pagemanager/hyperform/input.go:297.56,299.35 2 0
github.com/bokwoon95/pagemanager/hyperform/input.go:307.2,307.15 1 0
github.com/bokwoon95/pagemanager/hyperform/input.go:299.35,306.3 1 0
github.com/bokwoon95/pagemanager/hyperform/input.go:310.45,312.2 1 0
github.com/bokwoon95/pagemanager/hyperform/input.go:314.44,315.38 1 0
github.com/bokwoon95/pagemanager/hyperform/input.go:318.2,318.36 1 0
github.com/bokwoon95/pagemanager/hyperform/input.go:315.38,317.3 1 0
github.com/bokwoon95/pagemanager/hyperform/input.go:323.85,327.2 3 0
github.com/bokwoon95/pagemanager/hyperform/input.go:335.67,336.32 1 0
github.com/bokwoon95/pagemanager/hyperform/input.go:340.2,345.3 2 0
github.com/bokwoon95/pagemanager/hyperform/input.go:336.32,339.3 2 0
github.com/bokwoon95/pagemanager/hyperform/input.go:348.45,350.35 2 0
github.com/bokwoon95/pagemanager/hyperform/input.go:358.2,358.15 1 0
github.com/bokwoon95/pagemanager/hyperform/input.go:350.35,357.3 1 0
github.com/bokwoon95/pagemanager/hyperform/input.go:361.42,363.2 1 0
github.com/bokwoon95/pagemanager/hyperform/input.go:365.38,366.38 1 0
github.com/bokwoon95/pagemanager/hyperform/input.go:369.2,369.41 1 0
github.com/bokwoon95/pagemanager/hyperform/input.go:366.38,368.3 1 0
github.com/bokwoon95/pagemanager/hyperform/input.go:388.61,390.16 2 0
github.com/bokwoon95/pagemanager/hyperform/input.go:393.2,394.12 2 0
github.com/bokwoon95/pagemanager/hyperform/input.go:390.16,392.3 1 0
github.com/bokwoon95/pagemanager/hyperform/input.go:397.36,399.2 1 0
github.com/bokwoon95/pagemanager/hyperform/input.go:401.37,402.38 1 0
github.com/bokwoon95/pagemanager/hyperform/input.go:405.2,406.14 2 0
github.com/bokwoon95/pagemanager/hyperform/input.go:402.38,404.3 1 0
github.com/bokwoon95/pagemanager/hyperform/input.go:409.40,410.38 1 0
github.com/bokwoon95/pagemanager/hyperform/input.go:413.2,414.15 2 0
github.com/bokwoon95/pagemanager/hyperform/input.go:410.38,412.3 1 0
github.com/bokwoon95/pagemanager/hyperform/input.go:417.73,418.32 1 0
github.com/bokwoon95/pagemanager/hyperform/input.go:422.2,424.33 3 0
github.com/bokwoon95/pagemanager/hyperform/input.go:427.2,427.10 1 0
github.com/bokwoon95/pagemanager/hyperform/input.go:418.32,421.3 2 0
github.com/bokwoon95/pagemanager/hyperform/input.go:424.33,426.3 1 0
github.com/bokwoon95/pagemanager/hyperform/input.go:430.87,434.2 3 0
github.com/bokwoon95/pagemanager/hyperform/input.go:436.40,437.38 1 0
github.com/bokwoon95/pagemanager/hyperform/input.go:440.2,440.42 1 0
github.com/bokwoon95/pagemanager/hyperform/input.go:437.38,439.3 1 0
github.com/bokwoon95/pagemanager/hyperform/form.go:24.34,26.2 1 0
github.com/bokwoon95/pagemanager/hyperform/form.go:28.36,30.2 1 0
github.com/bokwoon95/pagemanager/hyperform/form.go:42.40,42.57 1 0
github.com/bokwoon95/pagemanager/hyperform/form.go:43.40,43.60 1 0
github.com/bokwoon95/pagemanager/hyperform/form.go:45.55,46.33 1 0
github.com/bokwoon95/pagemanager/hyperform/form.go:50.2,51.16 2 0
github.com/bokwoon95/pagemanager/hyperform/form.go:54.2,55.41 2 0
github.com/bokwoon95/pagemanager/hyperform/form.go:46.33,48.3 1 0
github.com/bokwoon95/pagemanager/hyperform/form.go:51.16,53.3 1 0
github.com/bokwoon95/pagemanager/hyperform/form.go:58.88,59.33 1 0
github.com/bokwoon95/pagemanager/hyperform/form.go:62.2,64.23 3 0
github.com/bokwoon95/pagemanager/hyperform/form.go:59.33,61.3 1 0
github.com/bokwoon95/pagemanager/hyperform/form.go:67.91,68.33 1 0
github.com/bokwoon95/pagemanager/hyperform/form.go:71.2,71.71 1 0
github.com/bokwoon95/pagemanager/hyperform/form.go:68.33,70.3 1 0
github.com/bokwoon95/pagemanager/hyperform/form.go:74.52,75.33 1 0
github.com/bokwoon95/pagemanager/hyperform/form.go:78.2,78.46 1 0
github.com/bokwoon95/pagemanager/hyperform/form.go:75.33,77.3 1 0
github.com/bokwoon95/pagemanager/hyperform/form.go:81.37,82.33 1 0
github.com/bokwoon95/pagemanager/hyperform/form.go:85.2,85.6 1 0
github.com/bokwoon95/pagemanager/hyperform/form.go:82.33,84.3 1 0
github.com/bokwoon95/pagemanager/hyperform/form.go:88.37,90.2 1 0
github.com/bokwoon95/pagemanager/hyperform/form.go:92.51,94.2 1 0
github.com/bokwoon95/pagemanager/hyperform/form.go:96.97,103.37 3 0
github.com/bokwoon95/pagemanager/hyperform/form.go:106.2,106.28 1 0
github.com/bokwoon95/pagemanager/hyperform/form.go:103.37,105.3 1 0
github.com/bokwoon95/pagemanager/hyperform/form.go:109.82,111.16 2 0
github.com/bokwoon95/pagemanager/hyperform/form.go:114.2,122.26 3 0
github.com/bokwoon95/pagemanager/hyperform/form.go:125.2,125.12 1 0
github.com/bokwoon95/pagemanager/hyperform/form.go:111.16,113.3 1 0
github.com/bokwoon95/pagemanager/hyperform/form.go:122.26,124.3 1 0
github.com/bokwoon95/pagemanager/hyperform/form.go:130.108,132.16 2 0
github.com/bokwoon95/pagemanager/hyperform/form.go:135.2,143.20 3 0
github.com/bokwoon95/pagemanager/hyperform/form.go:132.16,134.3 1 0
github.com/bokwoon95/pagemanager/hyperform/hyperform.go:24.43,31.2 6 1
github.com/bokwoon95/pagemanager/hyperform/hyperform.go:34.26,34.55 1 0
github.com/bokwoon95/pagemanager/hyperform/hyperform.go:45.54,48.2 2 0
github.com/bokwoon95/pagemanager/hyperform/hyperform.go:50.30,52.2 1 0
github.com/bokwoon95/pagemanager/hyperform/hyperform.go:62.91,72.74 3 5
github.com/bokwoon95/pagemanager/hyperform/hyperform.go:76.2,80.29 5 4
github.com/bokwoon95/pagemanager/hyperform/hyperform.go:138.2,138.20 1 4
github.com/bokwoon95/pagemanager/hyperform/hyperform.go:151.2,151.17 1 4
github.com/bokwoon95/pagemanager/hyperform/hyperform.go:154.2,154.22 1 4
github.com/bokwoon95/pagemanager/hyperform/hyperform.go:157.2,157.38 1 4
github.com/bokwoon95/pagemanager/hyperform/hyperform.go:169.2,169.15 1 4
github.com/bokwoon95/pagemanager/hyperform/hyperform.go:72.74,75.3 2 1
github.com/bokwoon95/pagemanager/hyperform/hyperform.go:80.29,81.39 1 149
github.com/bokwoon95/pagemanager/hyperform/hyperform.go:105.3,105.15 1 131
github.com/bokwoon95/pagemanager/hyperform/hyperform.go:114.3,114.15 1 125
github.com/bokwoon95/pagemanager/hyperform/hyperform.go:128.3,128.16 1 117
github.com/bokwoon95/pagemanager/hyperform/hyperform.go:81.39,82.17 1 18
github.com/bokwoon95/pagemanager/hyperform/hyperform.go:94.4,95.13 2 18
github.com/bokwoon95/pagemanager/hyperform/hyperform.go:103.4,103.12 1 18
github.com/bokwoon95/pagemanager/hyperform/hyperform.go:83.18,84.26 1 2
github.com/bokwoon95/pagemanager/hyperform/hyperform.go:85.17,86.25 1 4
github.com/bokwoon95/pagemanager/hyperform/hyperform.go:87.20,88.23 1 6
github.com/bokwoon95/pagemanager/hyperform/hyperform.go:91.39,92.58 1 0
github.com/bokwoon95/pagemanager/hyperform/hyperform.go:88.23,90.6 1 6
github.com/bokwoon95/pagemanager/hyperform/hyperform.go:96.13,97.20 1 4
github.com/bokwoon95/pagemanager/hyperform/hyperform.go:98.13,99.23 1 6
github.com/bokwoon95/pagemanager/hyperform/hyperform.go:100.13,101.26 1 8
github.com/bokwoon95/pagemanager/hyperform/hyperform.go:105.15,106.17 1 6
github.com/bokwoon95/pagemanager/hyperform/hyperform.go:112.4,112.12 1 6
github.com/bokwoon95/pagemanager/hyperform/hyperform.go:107.23,108.27 1 6
github.com/bokwoon95/pagemanager/hyperform/hyperform.go:109.12,110.58 1 0
github.com/bokwoon95/pagemanager/hyperform/hyperform.go:114.15,115.17 1 8
github.com/bokwoon95/pagemanager/hyperform/hyperform.go:123.4,126.12 4 8
github.com/bokwoon95/pagemanager/hyperform/hyperform.go:116.23,117.41 1 2
github.com/bokwoon95/pagemanager/hyperform/hyperform.go:118.24,119.47 1 6
github.com/bokwoon95/pagemanager/hyperform/hyperform.go:120.12,121.58 1 0
github.com/bokwoon95/pagemanager/hyperform/hyperform.go:129.54,130.28 1 77
github.com/bokwoon95/pagemanager/hyperform/hyperform.go:131.22,132.26 1 40
github.com/bokwoon95/pagemanager/hyperform/hyperform.go:133.19,134.89 1 0
github.com/bokwoon95/pagemanager/hyperform/hyperform.go:138.20,139.16 1 1
github.com/bokwoon95/pagemanager/hyperform/hyperform.go:149.3,149.20 1 1
github.com/bokwoon95/pagemanager/hyperform/hyperform.go:140.17,141.25 1 1
github.com/bokwoon95/pagemanager/hyperform/hyperform.go:142.16,143.24 1 0
github.com/bokwoon95/pagemanager/hyperform/hyperform.go:144.19,145.44 1 0
github.com/bokwoon95/pagemanager/hyperform/hyperform.go:146.11,147.57 1 0
github.com/bokwoon95/pagemanager/hyperform/hyperform.go:151.17,153.3 1 1
github.com/bokwoon95/pagemanager/hyperform/hyperform.go:154.22,156.3 1 2
github.com/bokwoon95/pagemanager/hyperform/hyperform.go:157.38,158.15 1 6
github.com/bokwoon95/pagemanager/hyperform/hyperform.go:159.13,160.16 1 1
github.com/bokwoon95/pagemanager/hyperform/hyperform.go:161.16,162.19 1 1
github.com/bokwoon95/pagemanager/hyperform/hyperform.go:165.11,166.30 1 4
github.com/bokwoon95/pagemanager/hyperform/hyperform.go:162.19,164.5 1 1
github.com/bokwoon95/pagemanager/hyperform/hyperform.go:172.112,174.16 2 0
github.com/bokwoon95/pagemanager/hyperform/hyperform.go:177.2,177.18 1 0
github.com/bokwoon95/pagemanager/hyperform/hyperform.go:181.2,181.17 1 0
github.com/bokwoon95/pagemanager/hyperform/hyperform.go:186.2,186.16 1 0
github.com/bokwoon95/pagemanager/hyperform/hyperform.go:189.2,189.19 1 0
github.com/bokwoon95/pagemanager/hyperform/hyperform.go:192.2,192.40 1 0
github.com/bokwoon95/pagemanager/hyperform/hyperform.go:195.2,196.33 2 0
github.com/bokwoon95/pagemanager/hyperform/hyperform.go:202.2,202.61 1 0
github.com/bokwoon95/pagemanager/hyperform/hyperform.go:205.2,205.12 1 0
github.com/bokwoon95/pagemanager/hyperform/hyperform.go:174.16,176.3 1 0
github.com/bokwoon95/pagemanager/hyperform/hyperform.go:177.18,180.3 2 0
github.com/bokwoon95/pagemanager/hyperform/hyperform.go:181.17,183.3 1 0
github.com/bokwoon95/pagemanager/hyperform/hyperform.go:183.8,185.3 1 0
github.com/bokwoon95/pagemanager/hyperform/hyperform.go:186.16,188.3 1 0
github.com/bokwoon95/pagemanager/hyperform/hyperform.go:189.19,191.3 1 0
github.com/bokwoon95/pagemanager/hyperform/hyperform.go:192.40,194.3 1 0
github.com/bokwoon95/pagemanager/hyperform/hyperform.go:196.33,198.17 2 0
github.com/bokwoon95/pagemanager/hyperform/hyperform.go:198.17,200.4 1 0
github.com/bokwoon95/pagemanager/hyperform/hyperform.go:202.61,204.3 1 0
github.com/bokwoon95/pagemanager/hyperform/hyperform.go:208.85,209.18 1 0
github.com/bokwoon95/pagemanager/hyperform/hyperform.go:213.2,213.17 1 0
github.com/bokwoon95/pagemanager/hyperform/hyperform.go:218.2,218.16 1 0
github.com/bokwoon95/pagemanager/hyperform/hyperform.go:221.2,221.19 1 0
github.com/bokwoon95/pagemanager/hyperform/hyperform.go:224.2,224.40 1 0
github.com/bokwoon95/pagemanager/hyperform/hyperform.go:227.2,229.33 3 0
github.com/bokwoon95/pagemanager/hyperform/hyperform.go:235.2,235.61 1 0
github.com/bokwoon95/pagemanager/hyperform/hyperform.go:238.2,238.12 1 0
github.com/bokwoon95/pagemanager/hyperform/hyperform.go:209.18,212.3 2 0
github.com/bokwoon95/pagemanager/hyperform/hyperform.go:213.17,215.3 1 0
github.com/bokwoon95/pagemanager/hyperform/hyperform.go:215.8,217.3 1 0
github.com/bokwoon95/pagemanager/hyperform/hyperform.go:218.16,220.3 1 0
github.com/bokwoon95/pagemanager/hyperform/hyperform.go:221.19,223.3 1 0
github.com/bokwoon95/pagemanager/hyperform/hyperform.go:224.40,226.3 1 0
github.com/bokwoon95/pagemanager/hyperform/hyperform.go:229.33,231.17 2 0
github.com/bokwoon95/pagemanager/hyperform/hyperform.go:231.17,233.4 1 0
github.com/bokwoon95/pagemanager/hyperform/hyperform.go:235.61,237.3 1 0
github.com/bokwoon95/pagemanager/hyperform/hyperform.go:247.88,249.2 1 0
github.com/bokwoon95/pagemanager/hyperform/hyperform.go:251.62,253.2 1 0
github.com/bokwoon95/pagemanager/hyperform/hyperform.go:255.96,259.2 3 0
github.com/bokwoon95/pagemanager/hyperform/hyperform.go:261.99,263.2 1 0
github.com/bokwoon95/pagemanager/hyperform/hyperform.go:265.60,267.2 1 0
github.com/bokwoon95/pagemanager/hyperform/hyperform.go:269.89,271.15 2 0
github.com/bokwoon95/pagemanager/hyperform/hyperform.go:275.2,276.16 2 0
github.com/bokwoon95/pagemanager/hyperform/hyperform.go:279.2,281.35 3 0
github.com/bokwoon95/pagemanager/hyperform/hyperform.go:271.15,274.3 2 0
github.com/bokwoon95/pagemanager/hyperform/hyperform.go:276.16,278.3 1 0
github.com/bokwoon95/pagemanager/hyperform/hyperform.go:284.79,286.2 0 0
github.com/bokwoon95/pagemanager/hyperform/hyperform.go:288.64,291.12 3 0
github.com/bokwoon95/pagemanager/hyperform/hyperform.go:294.2,295.47 2 0
github.com/bokwoon95/pagemanager/hyperform/hyperform.go:291.12,293.3 1 0
